魔数:2051, 图片数量: 60000张, 图片大小: 28*28
已解析 10000张
已解析 20000张
已解析 30000张
已解析 40000张
已解析 50000张
已解析 60000张
魔数:2049, 图片数量: 60000张
已解析 10000张
已解析 20000张
已解析 30000张
已解析 40000张
已解析 50000张
已解析 60000张
魔数:2051, 图片数量: 10000张, 图片大小: 28*28
已解析 10000张
魔数:2049, 图片数量: 10000张
已解析 10000张
开始运行
开始处理第4974个图像:
开始处理第4975个图像:
开始处理第4976个图像:
开始处理第4977个图像:
开始处理第4978个图像:
开始处理第4979个图像:
开始处理第4980个图像:
开始处理第4981个图像:
开始处理第4982个图像:
开始处理第4983个图像:
开始处理第4984个图像:
开始处理第4985个图像:
开始处理第4986个图像:
开始处理第4987个图像:
开始处理第4988个图像:
开始处理第4989个图像:
开始处理第4990个图像:
开始处理第4991个图像:
开始处理第4992个图像:
开始处理第4993个图像:
开始处理第4994个图像:
开始处理第4995个图像:
开始处理第4996个图像:
开始处理第4997个图像:
开始处理第4998个图像:
开始处理第4999个图像:
开始处理第5000个图像:
开始处理第5001个图像:
开始处理第5002个图像:
开始处理第5003个图像:
开始处理第5004个图像:
开始处理第5005个图像:
开始处理第5006个图像:
开始处理第5007个图像:
开始处理第5008个图像:
开始处理第5009个图像:
开始处理第5010个图像:
开始处理第5011个图像:
开始处理第5012个图像:
开始处理第5013个图像:
开始处理第5014个图像:
开始处理第5015个图像:
开始处理第5016个图像:
开始处理第5017个图像:
开始处理第5018个图像:
开始处理第5019个图像:
开始处理第5020个图像:
开始处理第5021个图像:
开始处理第5022个图像:
开始处理第5023个图像:
开始处理第5024个图像:
开始处理第5025个图像:
开始处理第5026个图像:
开始处理第5027个图像:
开始处理第5028个图像:
开始处理第5029个图像:
开始处理第5030个图像:
开始处理第5031个图像:
开始处理第5032个图像:
开始处理第5033个图像:
开始处理第5034个图像:
开始处理第5035个图像:
开始处理第5036个图像:
开始处理第5037个图像:
开始处理第5038个图像:
开始处理第5039个图像:
开始处理第5040个图像:
开始处理第5041个图像:
开始处理第5042个图像:
开始处理第5043个图像:
开始处理第5044个图像:
开始处理第5045个图像:
开始处理第5046个图像:
开始处理第5047个图像:
开始处理第5048个图像:
开始处理第5049个图像:
开始处理第5050个图像:
开始处理第5051个图像:
开始处理第5052个图像:
开始处理第5053个图像:
开始处理第5054个图像:
开始处理第5055个图像:
开始处理第5056个图像:
开始处理第5057个图像:
开始处理第5058个图像:
开始处理第5059个图像:
开始处理第5060个图像:
开始处理第5061个图像:
开始处理第5062个图像:
开始处理第5063个图像:
开始处理第5064个图像:
开始处理第5065个图像:
开始处理第5066个图像:
开始处理第5067个图像:
开始处理第5068个图像:
开始处理第5069个图像:
开始处理第5070个图像:
开始处理第5071个图像:
开始处理第5072个图像:
开始处理第5073个图像:
开始处理第5074个图像:
开始处理第5075个图像:
开始处理第5076个图像:
开始处理第5077个图像:
开始处理第5078个图像:
开始处理第5079个图像:
开始处理第5080个图像:
开始处理第5081个图像:
开始处理第5082个图像:
开始处理第5083个图像:
开始处理第5084个图像:
开始处理第5085个图像:
开始处理第5086个图像:
开始处理第5087个图像:
开始处理第5088个图像:
开始处理第5089个图像:
开始处理第5090个图像:
开始处理第5091个图像:
开始处理第5092个图像:
开始处理第5093个图像:
开始处理第5094个图像:
开始处理第5095个图像:
开始处理第5096个图像:
开始处理第5097个图像:
开始处理第5098个图像:
开始处理第5099个图像:
开始处理第5100个图像:
开始处理第5101个图像:
开始处理第5102个图像:
开始处理第5103个图像:
开始处理第5104个图像:
开始处理第5105个图像:
开始处理第5106个图像:
开始处理第5107个图像:
开始处理第5108个图像:
开始处理第5109个图像:
开始处理第5110个图像:
开始处理第5111个图像:
开始处理第5112个图像:
开始处理第5113个图像:
开始处理第5114个图像:
开始处理第5115个图像:
开始处理第5116个图像:
开始处理第5117个图像:
开始处理第5118个图像:
开始处理第5119个图像:
开始处理第5120个图像:
开始处理第5121个图像:
开始处理第5122个图像:
开始处理第5123个图像:
开始处理第5124个图像:
开始处理第5125个图像:
开始处理第5126个图像:
开始处理第5127个图像:
开始处理第5128个图像:
开始处理第5129个图像:
开始处理第5130个图像:
开始处理第5131个图像:
开始处理第5132个图像:
开始处理第5133个图像:
开始处理第5134个图像:
开始处理第5135个图像:
开始处理第5136个图像:
开始处理第5137个图像:
开始处理第5138个图像:
开始处理第5139个图像:
开始处理第5140个图像:
开始处理第5141个图像:
开始处理第5142个图像:
开始处理第5143个图像:
开始处理第5144个图像:
开始处理第5145个图像:
开始处理第5146个图像:
开始处理第5147个图像:
开始处理第5148个图像:
开始处理第5149个图像:
开始处理第5150个图像:
开始处理第5151个图像:
开始处理第5152个图像:
开始处理第5153个图像:
开始处理第5154个图像:
开始处理第5155个图像:
开始处理第5156个图像:
开始处理第5157个图像:
开始处理第5158个图像:
开始处理第5159个图像:
开始处理第5160个图像:
开始处理第5161个图像:
开始处理第5162个图像:
开始处理第5163个图像:
开始处理第5164个图像:
开始处理第5165个图像:
开始处理第5166个图像:
开始处理第5167个图像:
开始处理第5168个图像:
开始处理第5169个图像:
开始处理第5170个图像:
开始处理第5171个图像:
开始处理第5172个图像:
开始处理第5173个图像:
开始处理第5174个图像:
开始处理第5175个图像:
开始处理第5176个图像:
开始处理第5177个图像:
开始处理第5178个图像:
开始处理第5179个图像:
开始处理第5180个图像:
开始处理第5181个图像:
开始处理第5182个图像:
开始处理第5183个图像:
开始处理第5184个图像:
开始处理第5185个图像:
开始处理第5186个图像:
开始处理第5187个图像:
开始处理第5188个图像:
开始处理第5189个图像:
开始处理第5190个图像:
开始处理第5191个图像:
开始处理第5192个图像:
开始处理第5193个图像:
开始处理第5194个图像:
开始处理第5195个图像:
开始处理第5196个图像:
开始处理第5197个图像:
开始处理第5198个图像:
开始处理第5199个图像:
开始处理第5200个图像:
开始处理第5201个图像:
开始处理第5202个图像:
开始处理第5203个图像:
开始处理第5204个图像:
开始处理第5205个图像:
开始处理第5206个图像:
开始处理第5207个图像:
开始处理第5208个图像:
开始处理第5209个图像:
开始处理第5210个图像:
开始处理第5211个图像:
开始处理第5212个图像:
开始处理第5213个图像:
开始处理第5214个图像:
开始处理第5215个图像:
开始处理第5216个图像:
开始处理第5217个图像:
开始处理第5218个图像:
开始处理第5219个图像:
开始处理第5220个图像:
开始处理第5221个图像:
开始处理第5222个图像:
开始处理第5223个图像:
开始处理第5224个图像:
开始处理第5225个图像:
开始处理第5226个图像:
开始处理第5227个图像:
开始处理第5228个图像:
开始处理第5229个图像:
开始处理第5230个图像:
开始处理第5231个图像:
开始处理第5232个图像:
开始处理第5233个图像:
开始处理第5234个图像:
开始处理第5235个图像:
开始处理第5236个图像:
开始处理第5237个图像:
开始处理第5238个图像:
开始处理第5239个图像:
开始处理第5240个图像:
开始处理第5241个图像:
开始处理第5242个图像:
开始处理第5243个图像:
开始处理第5244个图像:
开始处理第5245个图像:
开始处理第5246个图像:
开始处理第5247个图像:
开始处理第5248个图像:
开始处理第5249个图像:
开始处理第5250个图像:
开始处理第5251个图像:
开始处理第5252个图像:
开始处理第5253个图像:
开始处理第5254个图像:
开始处理第5255个图像:
开始处理第5256个图像:
开始处理第5257个图像:
开始处理第5258个图像:
开始处理第5259个图像:
开始处理第5260个图像:
开始处理第5261个图像:
开始处理第5262个图像:
开始处理第5263个图像:
开始处理第5264个图像:
开始处理第5265个图像:
开始处理第5266个图像:
开始处理第5267个图像:
开始处理第5268个图像:
开始处理第5269个图像:
开始处理第5270个图像:
开始处理第5271个图像:
开始处理第5272个图像:
开始处理第5273个图像:
开始处理第5274个图像:
开始处理第5275个图像:
开始处理第5276个图像:
开始处理第5277个图像:
开始处理第5278个图像:
开始处理第5279个图像:
开始处理第5280个图像:
开始处理第5281个图像:
开始处理第5282个图像:
开始处理第5283个图像:
开始处理第5284个图像:
开始处理第5285个图像:
开始处理第5286个图像:
开始处理第5287个图像:
开始处理第5288个图像:
开始处理第5289个图像:
开始处理第5290个图像:
开始处理第5291个图像:
开始处理第5292个图像:
开始处理第5293个图像:
开始处理第5294个图像:
开始处理第5295个图像:
开始处理第5296个图像:
开始处理第5297个图像:
开始处理第5298个图像:
开始处理第5299个图像:
开始处理第5300个图像:
开始处理第5301个图像:
开始处理第5302个图像:
开始处理第5303个图像:
开始处理第5304个图像:
开始处理第5305个图像:
开始处理第5306个图像:
开始处理第5307个图像:
开始处理第5308个图像:
开始处理第5309个图像:
开始处理第5310个图像:
开始处理第5311个图像:
开始处理第5312个图像:
开始处理第5313个图像:
开始处理第5314个图像:
开始处理第5315个图像:
开始处理第5316个图像:
开始处理第5317个图像:
开始处理第5318个图像:
开始处理第5319个图像:
开始处理第5320个图像:
开始处理第5321个图像:
开始处理第5322个图像:
开始处理第5323个图像:
开始处理第5324个图像:
开始处理第5325个图像:
开始处理第5326个图像:
开始处理第5327个图像:
开始处理第5328个图像:
开始处理第5329个图像:
开始处理第5330个图像:
开始处理第5331个图像:
开始处理第5332个图像:
开始处理第5333个图像:
开始处理第5334个图像:
开始处理第5335个图像:
开始处理第5336个图像:
开始处理第5337个图像:
开始处理第5338个图像:
开始处理第5339个图像:
开始处理第5340个图像:
开始处理第5341个图像:
开始处理第5342个图像:
开始处理第5343个图像:
开始处理第5344个图像:
开始处理第5345个图像:
开始处理第5346个图像:
开始处理第5347个图像:
开始处理第5348个图像:
开始处理第5349个图像:
开始处理第5350个图像:
开始处理第5351个图像:
开始处理第5352个图像:
开始处理第5353个图像:
开始处理第5354个图像:
开始处理第5355个图像:
开始处理第5356个图像:
开始处理第5357个图像:
开始处理第5358个图像:
开始处理第5359个图像:
开始处理第5360个图像:
开始处理第5361个图像:
开始处理第5362个图像:
开始处理第5363个图像:
开始处理第5364个图像:
开始处理第5365个图像:
开始处理第5366个图像:
开始处理第5367个图像:
开始处理第5368个图像:
开始处理第5369个图像:
开始处理第5370个图像:
开始处理第5371个图像:
开始处理第5372个图像:
开始处理第5373个图像:
开始处理第5374个图像:
开始处理第5375个图像:
开始处理第5376个图像:
开始处理第5377个图像:
开始处理第5378个图像:
开始处理第5379个图像:
开始处理第5380个图像:
开始处理第5381个图像:
开始处理第5382个图像:
开始处理第5383个图像:
开始处理第5384个图像:
开始处理第5385个图像:
开始处理第5386个图像:
开始处理第5387个图像:
开始处理第5388个图像:
开始处理第5389个图像:
开始处理第5390个图像:
开始处理第5391个图像:
开始处理第5392个图像:
开始处理第5393个图像:
开始处理第5394个图像:
开始处理第5395个图像:
开始处理第5396个图像:
开始处理第5397个图像:
开始处理第5398个图像:
开始处理第5399个图像:
开始处理第5400个图像:
开始处理第5401个图像:
开始处理第5402个图像:
开始处理第5403个图像:
开始处理第5404个图像:
开始处理第5405个图像:
开始处理第5406个图像:
开始处理第5407个图像:
开始处理第5408个图像:
开始处理第5409个图像:
开始处理第5410个图像:
开始处理第5411个图像:
开始处理第5412个图像:
开始处理第5413个图像:
开始处理第5414个图像:
开始处理第5415个图像:
开始处理第5416个图像:
开始处理第5417个图像:
开始处理第5418个图像:
开始处理第5419个图像:
开始处理第5420个图像:
开始处理第5421个图像:
开始处理第5422个图像:
开始处理第5423个图像:
开始处理第5424个图像:
开始处理第5425个图像:
开始处理第5426个图像:
开始处理第5427个图像:
开始处理第5428个图像:
开始处理第5429个图像:
开始处理第5430个图像:
开始处理第5431个图像:
开始处理第5432个图像:
开始处理第5433个图像:
开始处理第5434个图像:
开始处理第5435个图像:
开始处理第5436个图像:
开始处理第5437个图像:
开始处理第5438个图像:
开始处理第5439个图像:
开始处理第5440个图像:
开始处理第5441个图像:
开始处理第5442个图像:
开始处理第5443个图像:
开始处理第5444个图像:
开始处理第5445个图像:
开始处理第5446个图像:
开始处理第5447个图像:
开始处理第5448个图像:
开始处理第5449个图像:
开始处理第5450个图像:
开始处理第5451个图像:
开始处理第5452个图像:
开始处理第5453个图像:
开始处理第5454个图像:
开始处理第5455个图像:
开始处理第5456个图像:
开始处理第5457个图像:
开始处理第5458个图像:
开始处理第5459个图像:
开始处理第5460个图像:
开始处理第5461个图像:
开始处理第5462个图像:
开始处理第5463个图像:
开始处理第5464个图像:
开始处理第5465个图像:
开始处理第5466个图像:
开始处理第5467个图像:
开始处理第5468个图像:
开始处理第5469个图像:
开始处理第5470个图像:
开始处理第5471个图像:
开始处理第5472个图像:
开始处理第5473个图像:
开始处理第5474个图像:
开始处理第5475个图像:
开始处理第5476个图像:
开始处理第5477个图像:
开始处理第5478个图像:
开始处理第5479个图像:
开始处理第5480个图像:
开始处理第5481个图像:
开始处理第5482个图像:
开始处理第5483个图像:
开始处理第5484个图像:
开始处理第5485个图像:
开始处理第5486个图像:
开始处理第5487个图像:
开始处理第5488个图像:
开始处理第5489个图像:
开始处理第5490个图像:
开始处理第5491个图像:
开始处理第5492个图像:
开始处理第5493个图像:
开始处理第5494个图像:
开始处理第5495个图像:
开始处理第5496个图像:
开始处理第5497个图像:
开始处理第5498个图像:
开始处理第5499个图像:
开始处理第5500个图像:
开始处理第5501个图像:
开始处理第5502个图像:
开始处理第5503个图像:
开始处理第5504个图像:
开始处理第5505个图像:
开始处理第5506个图像:
开始处理第5507个图像:
开始处理第5508个图像:
开始处理第5509个图像:
开始处理第5510个图像:
开始处理第5511个图像:
开始处理第5512个图像:
开始处理第5513个图像:
开始处理第5514个图像:
开始处理第5515个图像:
开始处理第5516个图像:
开始处理第5517个图像:
开始处理第5518个图像:
开始处理第5519个图像:
开始处理第5520个图像:
开始处理第5521个图像:
开始处理第5522个图像:
开始处理第5523个图像:
开始处理第5524个图像:
开始处理第5525个图像:
开始处理第5526个图像:
开始处理第5527个图像:
开始处理第5528个图像:
开始处理第5529个图像:
开始处理第5530个图像:
开始处理第5531个图像:
开始处理第5532个图像:
开始处理第5533个图像:
开始处理第5534个图像:
开始处理第5535个图像:
开始处理第5536个图像:
开始处理第5537个图像:
开始处理第5538个图像:
开始处理第5539个图像:
开始处理第5540个图像:
开始处理第5541个图像:
开始处理第5542个图像:
开始处理第5543个图像:
开始处理第5544个图像:
开始处理第5545个图像:
开始处理第5546个图像:
开始处理第5547个图像:
开始处理第5548个图像:
开始处理第5549个图像:
开始处理第5550个图像:
开始处理第5551个图像:
开始处理第5552个图像:
开始处理第5553个图像:
开始处理第5554个图像:
开始处理第5555个图像:
开始处理第5556个图像:
开始处理第5557个图像:
开始处理第5558个图像:
开始处理第5559个图像:
开始处理第5560个图像:
开始处理第5561个图像:
开始处理第5562个图像:
开始处理第5563个图像:
开始处理第5564个图像:
开始处理第5565个图像:
开始处理第5566个图像:
开始处理第5567个图像:
开始处理第5568个图像:
开始处理第5569个图像:
开始处理第5570个图像:
开始处理第5571个图像:
开始处理第5572个图像:
开始处理第5573个图像:
开始处理第5574个图像:
开始处理第5575个图像:
开始处理第5576个图像:
开始处理第5577个图像:
开始处理第5578个图像:
开始处理第5579个图像:
开始处理第5580个图像:
开始处理第5581个图像:
开始处理第5582个图像:
开始处理第5583个图像:
开始处理第5584个图像:
开始处理第5585个图像:
开始处理第5586个图像:
开始处理第5587个图像:
开始处理第5588个图像:
开始处理第5589个图像:
开始处理第5590个图像:
开始处理第5591个图像:
开始处理第5592个图像:
开始处理第5593个图像:
开始处理第5594个图像:
开始处理第5595个图像:
开始处理第5596个图像:
开始处理第5597个图像:
开始处理第5598个图像:
开始处理第5599个图像:
开始处理第5600个图像:
开始处理第5601个图像:
开始处理第5602个图像:
开始处理第5603个图像:
开始处理第5604个图像:
开始处理第5605个图像:
开始处理第5606个图像:
开始处理第5607个图像:
开始处理第5608个图像:
开始处理第5609个图像:
开始处理第5610个图像:
开始处理第5611个图像:
开始处理第5612个图像:
开始处理第5613个图像:
开始处理第5614个图像:
开始处理第5615个图像:
开始处理第5616个图像:
开始处理第5617个图像:
开始处理第5618个图像:
开始处理第5619个图像:
开始处理第5620个图像:
开始处理第5621个图像:
开始处理第5622个图像:
开始处理第5623个图像:
开始处理第5624个图像:
开始处理第5625个图像:
开始处理第5626个图像:
开始处理第5627个图像:
开始处理第5628个图像:
开始处理第5629个图像:
开始处理第5630个图像:
开始处理第5631个图像:
开始处理第5632个图像:
开始处理第5633个图像:
开始处理第5634个图像:
开始处理第5635个图像:
开始处理第5636个图像:
开始处理第5637个图像:
开始处理第5638个图像:
开始处理第5639个图像:
开始处理第5640个图像:
开始处理第5641个图像:
开始处理第5642个图像:
开始处理第5643个图像:
开始处理第5644个图像:
开始处理第5645个图像:
开始处理第5646个图像:
开始处理第5647个图像:
开始处理第5648个图像:
开始处理第5649个图像:
开始处理第5650个图像:
开始处理第5651个图像:
开始处理第5652个图像:
开始处理第5653个图像:
开始处理第5654个图像:
开始处理第5655个图像:
开始处理第5656个图像:
开始处理第5657个图像:
开始处理第5658个图像:
开始处理第5659个图像:
开始处理第5660个图像:
开始处理第5661个图像:
开始处理第5662个图像:
开始处理第5663个图像:
开始处理第5664个图像:
开始处理第5665个图像:
开始处理第5666个图像:
开始处理第5667个图像:
开始处理第5668个图像:
开始处理第5669个图像:
开始处理第5670个图像:
开始处理第5671个图像:
开始处理第5672个图像:
开始处理第5673个图像:
开始处理第5674个图像:
开始处理第5675个图像:
开始处理第5676个图像:
开始处理第5677个图像:
开始处理第5678个图像:
开始处理第5679个图像:
开始处理第5680个图像:
开始处理第5681个图像:
开始处理第5682个图像:
开始处理第5683个图像:
开始处理第5684个图像:
开始处理第5685个图像:
开始处理第5686个图像:
开始处理第5687个图像:
开始处理第5688个图像:
开始处理第5689个图像:
开始处理第5690个图像:
开始处理第5691个图像:
开始处理第5692个图像:
开始处理第5693个图像:
开始处理第5694个图像:
开始处理第5695个图像:
开始处理第5696个图像:
开始处理第5697个图像:
开始处理第5698个图像:
开始处理第5699个图像:
开始处理第5700个图像:
开始处理第5701个图像:
开始处理第5702个图像:
开始处理第5703个图像:
开始处理第5704个图像:
开始处理第5705个图像:
开始处理第5706个图像:
开始处理第5707个图像:
开始处理第5708个图像:
开始处理第5709个图像:
开始处理第5710个图像:
开始处理第5711个图像:
开始处理第5712个图像:
开始处理第5713个图像:
开始处理第5714个图像:
开始处理第5715个图像:
开始处理第5716个图像:
开始处理第5717个图像:
开始处理第5718个图像:
开始处理第5719个图像:
开始处理第5720个图像:
开始处理第5721个图像:
开始处理第5722个图像:
开始处理第5723个图像:
开始处理第5724个图像:
开始处理第5725个图像:
开始处理第5726个图像:
开始处理第5727个图像:
开始处理第5728个图像:
开始处理第5729个图像:
开始处理第5730个图像:
开始处理第5731个图像:
开始处理第5732个图像:
开始处理第5733个图像:
开始处理第5734个图像:
开始处理第5735个图像:
开始处理第5736个图像:
开始处理第5737个图像:
开始处理第5738个图像:
开始处理第5739个图像:
开始处理第5740个图像:
开始处理第5741个图像:
开始处理第5742个图像:
开始处理第5743个图像:
开始处理第5744个图像:
开始处理第5745个图像:
开始处理第5746个图像:
开始处理第5747个图像:
开始处理第5748个图像:
开始处理第5749个图像:
开始处理第5750个图像:
开始处理第5751个图像:
开始处理第5752个图像:
开始处理第5753个图像:
开始处理第5754个图像:
开始处理第5755个图像:
开始处理第5756个图像:
开始处理第5757个图像:
开始处理第5758个图像:
开始处理第5759个图像:
开始处理第5760个图像:
开始处理第5761个图像:
开始处理第5762个图像:
开始处理第5763个图像:
开始处理第5764个图像:
开始处理第5765个图像:
开始处理第5766个图像:
开始处理第5767个图像:
开始处理第5768个图像:
开始处理第5769个图像:
开始处理第5770个图像:
开始处理第5771个图像:
开始处理第5772个图像:
开始处理第5773个图像:
开始处理第5774个图像:
开始处理第5775个图像:
开始处理第5776个图像:
开始处理第5777个图像:
开始处理第5778个图像:
开始处理第5779个图像:
开始处理第5780个图像:
开始处理第5781个图像:
开始处理第5782个图像:
开始处理第5783个图像:
开始处理第5784个图像:
开始处理第5785个图像:
开始处理第5786个图像:
开始处理第5787个图像:
开始处理第5788个图像:
开始处理第5789个图像:
开始处理第5790个图像:
开始处理第5791个图像:
开始处理第5792个图像:
开始处理第5793个图像:
开始处理第5794个图像:
开始处理第5795个图像:
开始处理第5796个图像:
开始处理第5797个图像:
开始处理第5798个图像:
开始处理第5799个图像:
开始处理第5800个图像:
开始处理第5801个图像:
开始处理第5802个图像:
开始处理第5803个图像:
开始处理第5804个图像:
开始处理第5805个图像:
开始处理第5806个图像:
开始处理第5807个图像:
开始处理第5808个图像:
开始处理第5809个图像:
开始处理第5810个图像:
开始处理第5811个图像:
开始处理第5812个图像:
开始处理第5813个图像:
开始处理第5814个图像:
开始处理第5815个图像:
开始处理第5816个图像:
开始处理第5817个图像:
开始处理第5818个图像:
开始处理第5819个图像:
开始处理第5820个图像:
开始处理第5821个图像:
开始处理第5822个图像:
开始处理第5823个图像:
开始处理第5824个图像:
开始处理第5825个图像:
开始处理第5826个图像:
开始处理第5827个图像:
开始处理第5828个图像:
开始处理第5829个图像:
开始处理第5830个图像:
开始处理第5831个图像:
开始处理第5832个图像:
开始处理第5833个图像:
开始处理第5834个图像:
开始处理第5835个图像:
开始处理第5836个图像:
开始处理第5837个图像:
开始处理第5838个图像:
开始处理第5839个图像:
开始处理第5840个图像:
开始处理第5841个图像:
开始处理第5842个图像:
开始处理第5843个图像:
开始处理第5844个图像:
开始处理第5845个图像:
开始处理第5846个图像:
开始处理第5847个图像:
开始处理第5848个图像:
开始处理第5849个图像:
开始处理第5850个图像:
开始处理第5851个图像:
开始处理第5852个图像:
开始处理第5853个图像:
开始处理第5854个图像:
开始处理第5855个图像:
开始处理第5856个图像:
开始处理第5857个图像:
开始处理第5858个图像:
开始处理第5859个图像:
开始处理第5860个图像:
开始处理第5861个图像:
开始处理第5862个图像:
开始处理第5863个图像:
开始处理第5864个图像:
开始处理第5865个图像:
开始处理第5866个图像:
开始处理第5867个图像:
开始处理第5868个图像:
开始处理第5869个图像:
开始处理第5870个图像:
开始处理第5871个图像:
开始处理第5872个图像:
开始处理第5873个图像:
开始处理第5874个图像:
开始处理第5875个图像:
开始处理第5876个图像:
开始处理第5877个图像:
开始处理第5878个图像:
开始处理第5879个图像:
开始处理第5880个图像:
开始处理第5881个图像:
开始处理第5882个图像:
开始处理第5883个图像:
开始处理第5884个图像:
开始处理第5885个图像:
开始处理第5886个图像:
开始处理第5887个图像:
开始处理第5888个图像:
开始处理第5889个图像:
开始处理第5890个图像:
开始处理第5891个图像:
开始处理第5892个图像:
开始处理第5893个图像:
开始处理第5894个图像:
开始处理第5895个图像:
开始处理第5896个图像:
开始处理第5897个图像:
开始处理第5898个图像:
开始处理第5899个图像:
开始处理第5900个图像:
开始处理第5901个图像:
开始处理第5902个图像:
开始处理第5903个图像:
开始处理第5904个图像:
开始处理第5905个图像:
开始处理第5906个图像:
开始处理第5907个图像:
开始处理第5908个图像:
开始处理第5909个图像:
开始处理第5910个图像:
开始处理第5911个图像:
开始处理第5912个图像:
开始处理第5913个图像:
开始处理第5914个图像:
开始处理第5915个图像:
开始处理第5916个图像:
开始处理第5917个图像:
开始处理第5918个图像:
开始处理第5919个图像:
开始处理第5920个图像:
开始处理第5921个图像:
开始处理第5922个图像:
开始处理第5923个图像:
开始处理第5924个图像:
开始处理第5925个图像:
开始处理第5926个图像:
开始处理第5927个图像:
开始处理第5928个图像:
开始处理第5929个图像:
开始处理第5930个图像:
开始处理第5931个图像:
开始处理第5932个图像:
开始处理第5933个图像:
开始处理第5934个图像:
开始处理第5935个图像:
开始处理第5936个图像:
开始处理第5937个图像:
开始处理第5938个图像:
开始处理第5939个图像:
开始处理第5940个图像:
开始处理第5941个图像:
开始处理第5942个图像:
开始处理第5943个图像:
开始处理第5944个图像:
开始处理第5945个图像:
开始处理第5946个图像:
开始处理第5947个图像:
开始处理第5948个图像:
开始处理第5949个图像:
开始处理第5950个图像:
开始处理第5951个图像:
开始处理第5952个图像:
开始处理第5953个图像:
开始处理第5954个图像:
开始处理第5955个图像:
开始处理第5956个图像:
开始处理第5957个图像:
开始处理第5958个图像:
开始处理第5959个图像:
开始处理第5960个图像:
开始处理第5961个图像:
开始处理第5962个图像:
开始处理第5963个图像:
开始处理第5964个图像:
开始处理第5965个图像:
开始处理第5966个图像:
开始处理第5967个图像:
开始处理第5968个图像:
开始处理第5969个图像:
开始处理第5970个图像:
开始处理第5971个图像:
开始处理第5972个图像:
开始处理第5973个图像:
开始处理第5974个图像:
开始处理第5975个图像:
开始处理第5976个图像:
开始处理第5977个图像:
开始处理第5978个图像:
开始处理第5979个图像:
开始处理第5980个图像:
开始处理第5981个图像:
开始处理第5982个图像:
开始处理第5983个图像:
开始处理第5984个图像:
开始处理第5985个图像:
开始处理第5986个图像:
开始处理第5987个图像:
开始处理第5988个图像:
开始处理第5989个图像:
开始处理第5990个图像:
开始处理第5991个图像:
开始处理第5992个图像:
开始处理第5993个图像:
开始处理第5994个图像:
开始处理第5995个图像:
开始处理第5996个图像:
开始处理第5997个图像:
开始处理第5998个图像:
开始处理第5999个图像:
开始处理第6000个图像:
开始处理第6001个图像:
开始处理第6002个图像:
开始处理第6003个图像:
开始处理第6004个图像:
开始处理第6005个图像:
开始处理第6006个图像:
开始处理第6007个图像:
开始处理第6008个图像:
开始处理第6009个图像:
开始处理第6010个图像:
开始处理第6011个图像:
开始处理第6012个图像:
开始处理第6013个图像:
开始处理第6014个图像:
开始处理第6015个图像:
开始处理第6016个图像:
开始处理第6017个图像:
开始处理第6018个图像:
开始处理第6019个图像:
开始处理第6020个图像:
开始处理第6021个图像:
开始处理第6022个图像:
开始处理第6023个图像:
开始处理第6024个图像:
开始处理第6025个图像:
开始处理第6026个图像:
开始处理第6027个图像:
开始处理第6028个图像:
开始处理第6029个图像:
开始处理第6030个图像:
开始处理第6031个图像:
开始处理第6032个图像:
开始处理第6033个图像:
开始处理第6034个图像:
开始处理第6035个图像:
开始处理第6036个图像:
开始处理第6037个图像:
开始处理第6038个图像:
开始处理第6039个图像:
开始处理第6040个图像:
开始处理第6041个图像:
开始处理第6042个图像:
开始处理第6043个图像:
开始处理第6044个图像:
开始处理第6045个图像:
开始处理第6046个图像:
开始处理第6047个图像:
开始处理第6048个图像:
开始处理第6049个图像:
开始处理第6050个图像:
开始处理第6051个图像:
开始处理第6052个图像:
开始处理第6053个图像:
开始处理第6054个图像:
开始处理第6055个图像:
开始处理第6056个图像:
开始处理第6057个图像:
开始处理第6058个图像:
开始处理第6059个图像:
开始处理第6060个图像:
开始处理第6061个图像:
开始处理第6062个图像:
开始处理第6063个图像:
开始处理第6064个图像:
开始处理第6065个图像:
开始处理第6066个图像:
开始处理第6067个图像:
开始处理第6068个图像:
开始处理第6069个图像:
开始处理第6070个图像:
开始处理第6071个图像:
开始处理第6072个图像:
开始处理第6073个图像:
开始处理第6074个图像:
开始处理第6075个图像:
开始处理第6076个图像:
开始处理第6077个图像:
开始处理第6078个图像:
开始处理第6079个图像:
开始处理第6080个图像:
开始处理第6081个图像:
开始处理第6082个图像:
开始处理第6083个图像:
开始处理第6084个图像:
开始处理第6085个图像:
开始处理第6086个图像:
开始处理第6087个图像:
开始处理第6088个图像:
开始处理第6089个图像:
开始处理第6090个图像:
开始处理第6091个图像:
开始处理第6092个图像:
开始处理第6093个图像:
开始处理第6094个图像:
开始处理第6095个图像:
开始处理第6096个图像:
开始处理第6097个图像:
开始处理第6098个图像:
开始处理第6099个图像:
开始处理第6100个图像:
开始处理第6101个图像:
开始处理第6102个图像:
开始处理第6103个图像:
开始处理第6104个图像:
开始处理第6105个图像:
开始处理第6106个图像:
开始处理第6107个图像:
开始处理第6108个图像:
开始处理第6109个图像:
开始处理第6110个图像:
开始处理第6111个图像:
开始处理第6112个图像:
开始处理第6113个图像:
开始处理第6114个图像:
开始处理第6115个图像:
开始处理第6116个图像:
开始处理第6117个图像:
开始处理第6118个图像:
开始处理第6119个图像:
开始处理第6120个图像:
开始处理第6121个图像:
开始处理第6122个图像:
开始处理第6123个图像:
开始处理第6124个图像:
开始处理第6125个图像:
开始处理第6126个图像:
开始处理第6127个图像:
开始处理第6128个图像:
开始处理第6129个图像:
开始处理第6130个图像:
开始处理第6131个图像:
开始处理第6132个图像:
开始处理第6133个图像:
开始处理第6134个图像:
开始处理第6135个图像:
开始处理第6136个图像:
开始处理第6137个图像:
开始处理第6138个图像:
开始处理第6139个图像:
开始处理第6140个图像:
开始处理第6141个图像:
开始处理第6142个图像:
开始处理第6143个图像:
开始处理第6144个图像:
开始处理第6145个图像:
开始处理第6146个图像:
开始处理第6147个图像:
开始处理第6148个图像:
开始处理第6149个图像:
开始处理第6150个图像:
开始处理第6151个图像:
开始处理第6152个图像:
开始处理第6153个图像:
开始处理第6154个图像:
开始处理第6155个图像:
开始处理第6156个图像:
开始处理第6157个图像:
开始处理第6158个图像:
开始处理第6159个图像:
开始处理第6160个图像:
开始处理第6161个图像:
开始处理第6162个图像:
开始处理第6163个图像:
开始处理第6164个图像:
开始处理第6165个图像:
开始处理第6166个图像:
开始处理第6167个图像:
开始处理第6168个图像:
开始处理第6169个图像:
开始处理第6170个图像:
开始处理第6171个图像:
开始处理第6172个图像:
开始处理第6173个图像:
开始处理第6174个图像:
开始处理第6175个图像:
开始处理第6176个图像:
开始处理第6177个图像:
开始处理第6178个图像:
开始处理第6179个图像:
开始处理第6180个图像:
开始处理第6181个图像:
开始处理第6182个图像:
开始处理第6183个图像:
开始处理第6184个图像:
开始处理第6185个图像:
开始处理第6186个图像:
开始处理第6187个图像:
开始处理第6188个图像:
开始处理第6189个图像:
开始处理第6190个图像:
开始处理第6191个图像:
开始处理第6192个图像:
开始处理第6193个图像:
开始处理第6194个图像:
开始处理第6195个图像:
开始处理第6196个图像:
开始处理第6197个图像:
开始处理第6198个图像:
开始处理第6199个图像:
开始处理第6200个图像:
开始处理第6201个图像:
开始处理第6202个图像:
开始处理第6203个图像:
开始处理第6204个图像:
开始处理第6205个图像:
开始处理第6206个图像:
开始处理第6207个图像:
开始处理第6208个图像:
开始处理第6209个图像:
开始处理第6210个图像:
开始处理第6211个图像:
开始处理第6212个图像:
开始处理第6213个图像:
开始处理第6214个图像:
开始处理第6215个图像:
开始处理第6216个图像:
开始处理第6217个图像:
开始处理第6218个图像:
开始处理第6219个图像:
开始处理第6220个图像:
开始处理第6221个图像:
开始处理第6222个图像:
开始处理第6223个图像:
开始处理第6224个图像:
开始处理第6225个图像:
开始处理第6226个图像:
开始处理第6227个图像:
开始处理第6228个图像:
开始处理第6229个图像:
开始处理第6230个图像:
开始处理第6231个图像:
开始处理第6232个图像:
开始处理第6233个图像:
开始处理第6234个图像:
开始处理第6235个图像:
开始处理第6236个图像:
开始处理第6237个图像:
开始处理第6238个图像:
开始处理第6239个图像:
开始处理第6240个图像:
开始处理第6241个图像:
开始处理第6242个图像:
开始处理第6243个图像:
开始处理第6244个图像:
开始处理第6245个图像:
开始处理第6246个图像:
开始处理第6247个图像:
开始处理第6248个图像:
开始处理第6249个图像:
开始处理第6250个图像:
开始处理第6251个图像:
开始处理第6252个图像:
开始处理第6253个图像:
开始处理第6254个图像:
开始处理第6255个图像:
开始处理第6256个图像:
开始处理第6257个图像:
开始处理第6258个图像:
开始处理第6259个图像:
开始处理第6260个图像:
开始处理第6261个图像:
开始处理第6262个图像:
开始处理第6263个图像:
开始处理第6264个图像:
开始处理第6265个图像:
开始处理第6266个图像:
开始处理第6267个图像:
开始处理第6268个图像:
开始处理第6269个图像:
开始处理第6270个图像:
开始处理第6271个图像:
开始处理第6272个图像:
开始处理第6273个图像:
开始处理第6274个图像:
开始处理第6275个图像:
开始处理第6276个图像:
开始处理第6277个图像:
开始处理第6278个图像:
开始处理第6279个图像:
开始处理第6280个图像:
开始处理第6281个图像:
开始处理第6282个图像:
开始处理第6283个图像:
开始处理第6284个图像:
开始处理第6285个图像:
开始处理第6286个图像:
开始处理第6287个图像:
开始处理第6288个图像:
开始处理第6289个图像:
开始处理第6290个图像:
开始处理第6291个图像:
开始处理第6292个图像:
开始处理第6293个图像:
开始处理第6294个图像:
开始处理第6295个图像:
开始处理第6296个图像:
开始处理第6297个图像:
开始处理第6298个图像:
开始处理第6299个图像:
开始处理第6300个图像:
开始处理第6301个图像:
开始处理第6302个图像:
开始处理第6303个图像:
开始处理第6304个图像:
开始处理第6305个图像:
开始处理第6306个图像:
开始处理第6307个图像:
开始处理第6308个图像:
开始处理第6309个图像:
开始处理第6310个图像:
开始处理第6311个图像:
开始处理第6312个图像:
开始处理第6313个图像:
开始处理第6314个图像:
开始处理第6315个图像:
开始处理第6316个图像:
开始处理第6317个图像:
开始处理第6318个图像:
开始处理第6319个图像:
开始处理第6320个图像:
开始处理第6321个图像:
开始处理第6322个图像:
开始处理第6323个图像:
开始处理第6324个图像:
开始处理第6325个图像:
开始处理第6326个图像:
开始处理第6327个图像:
开始处理第6328个图像:
开始处理第6329个图像:
开始处理第6330个图像:
开始处理第6331个图像:
开始处理第6332个图像:
开始处理第6333个图像:
开始处理第6334个图像:
开始处理第6335个图像:
开始处理第6336个图像:
开始处理第6337个图像:
开始处理第6338个图像:
开始处理第6339个图像:
开始处理第6340个图像:
开始处理第6341个图像:
开始处理第6342个图像:
开始处理第6343个图像:
开始处理第6344个图像:
开始处理第6345个图像:
开始处理第6346个图像:
开始处理第6347个图像:
开始处理第6348个图像:
开始处理第6349个图像:
开始处理第6350个图像:
开始处理第6351个图像:
开始处理第6352个图像:
开始处理第6353个图像:
开始处理第6354个图像:
开始处理第6355个图像:
开始处理第6356个图像:
开始处理第6357个图像:
开始处理第6358个图像:
开始处理第6359个图像:
开始处理第6360个图像:
开始处理第6361个图像:
开始处理第6362个图像:
开始处理第6363个图像:
开始处理第6364个图像:
开始处理第6365个图像:
开始处理第6366个图像:
开始处理第6367个图像:
开始处理第6368个图像:
开始处理第6369个图像:
开始处理第6370个图像:
开始处理第6371个图像:
开始处理第6372个图像:
开始处理第6373个图像:
开始处理第6374个图像:
开始处理第6375个图像:
开始处理第6376个图像:
开始处理第6377个图像:
开始处理第6378个图像:
开始处理第6379个图像:
开始处理第6380个图像:
开始处理第6381个图像:
开始处理第6382个图像:
开始处理第6383个图像:
开始处理第6384个图像:
开始处理第6385个图像:
开始处理第6386个图像:
开始处理第6387个图像:
开始处理第6388个图像:
开始处理第6389个图像:
开始处理第6390个图像:
开始处理第6391个图像:
开始处理第6392个图像:
开始处理第6393个图像:
开始处理第6394个图像:
开始处理第6395个图像:
开始处理第6396个图像:
开始处理第6397个图像:
开始处理第6398个图像:
开始处理第6399个图像:
开始处理第6400个图像:
开始处理第6401个图像:
开始处理第6402个图像:
开始处理第6403个图像:
开始处理第6404个图像:
开始处理第6405个图像:
开始处理第6406个图像:
开始处理第6407个图像:
开始处理第6408个图像:
开始处理第6409个图像:
开始处理第6410个图像:
开始处理第6411个图像:
开始处理第6412个图像:
开始处理第6413个图像:
开始处理第6414个图像:
开始处理第6415个图像:
开始处理第6416个图像:
开始处理第6417个图像:
开始处理第6418个图像:
开始处理第6419个图像:
开始处理第6420个图像:
开始处理第6421个图像:
开始处理第6422个图像:
开始处理第6423个图像:
开始处理第6424个图像:
开始处理第6425个图像:
开始处理第6426个图像:
开始处理第6427个图像:
开始处理第6428个图像:
开始处理第6429个图像:
开始处理第6430个图像:
开始处理第6431个图像:
开始处理第6432个图像:
开始处理第6433个图像:
开始处理第6434个图像:
开始处理第6435个图像:
开始处理第6436个图像:
开始处理第6437个图像:
开始处理第6438个图像:
开始处理第6439个图像:
开始处理第6440个图像:
开始处理第6441个图像:
开始处理第6442个图像:
开始处理第6443个图像:
开始处理第6444个图像:
开始处理第6445个图像:
开始处理第6446个图像:
开始处理第6447个图像:
开始处理第6448个图像:
开始处理第6449个图像:
开始处理第6450个图像:
开始处理第6451个图像:
开始处理第6452个图像:
开始处理第6453个图像:
开始处理第6454个图像:
开始处理第6455个图像:
开始处理第6456个图像:
开始处理第6457个图像:
开始处理第6458个图像:
开始处理第6459个图像:
开始处理第6460个图像:
开始处理第6461个图像:
开始处理第6462个图像:
开始处理第6463个图像:
开始处理第6464个图像:
开始处理第6465个图像:
开始处理第6466个图像:
开始处理第6467个图像:
开始处理第6468个图像:
开始处理第6469个图像:
开始处理第6470个图像:
开始处理第6471个图像:
开始处理第6472个图像:
开始处理第6473个图像:
开始处理第6474个图像:
开始处理第6475个图像:
开始处理第6476个图像:
开始处理第6477个图像:
开始处理第6478个图像:
开始处理第6479个图像:
开始处理第6480个图像:
开始处理第6481个图像:
开始处理第6482个图像:
开始处理第6483个图像:
开始处理第6484个图像:
开始处理第6485个图像:
开始处理第6486个图像:
开始处理第6487个图像:
开始处理第6488个图像:
开始处理第6489个图像:
开始处理第6490个图像:
开始处理第6491个图像:
开始处理第6492个图像:
开始处理第6493个图像:
开始处理第6494个图像:
开始处理第6495个图像:
开始处理第6496个图像:
开始处理第6497个图像:
开始处理第6498个图像:
开始处理第6499个图像:
开始处理第6500个图像:
开始处理第6501个图像:
开始处理第6502个图像:
开始处理第6503个图像:
开始处理第6504个图像:
开始处理第6505个图像:
开始处理第6506个图像:
开始处理第6507个图像:
开始处理第6508个图像:
开始处理第6509个图像:
开始处理第6510个图像:
开始处理第6511个图像:
开始处理第6512个图像:
开始处理第6513个图像:
开始处理第6514个图像:
开始处理第6515个图像:
开始处理第6516个图像:
开始处理第6517个图像:
开始处理第6518个图像:
开始处理第6519个图像:
开始处理第6520个图像:
开始处理第6521个图像:
开始处理第6522个图像:
开始处理第6523个图像:
开始处理第6524个图像:
开始处理第6525个图像:
开始处理第6526个图像:
开始处理第6527个图像:
开始处理第6528个图像:
开始处理第6529个图像:
开始处理第6530个图像:
开始处理第6531个图像:
开始处理第6532个图像:
开始处理第6533个图像:
开始处理第6534个图像:
开始处理第6535个图像:
开始处理第6536个图像:
开始处理第6537个图像:
开始处理第6538个图像:
开始处理第6539个图像:
开始处理第6540个图像:
开始处理第6541个图像:
开始处理第6542个图像:
开始处理第6543个图像:
开始处理第6544个图像:
开始处理第6545个图像:
开始处理第6546个图像:
开始处理第6547个图像:
开始处理第6548个图像:
开始处理第6549个图像:
开始处理第6550个图像:
开始处理第6551个图像:
开始处理第6552个图像:
开始处理第6553个图像:
开始处理第6554个图像:
开始处理第6555个图像:
开始处理第6556个图像:
开始处理第6557个图像:
开始处理第6558个图像:
开始处理第6559个图像:
开始处理第6560个图像:
开始处理第6561个图像:
开始处理第6562个图像:
开始处理第6563个图像:
开始处理第6564个图像:
开始处理第6565个图像:
开始处理第6566个图像:
开始处理第6567个图像:
开始处理第6568个图像:
开始处理第6569个图像:
开始处理第6570个图像:
开始处理第6571个图像:
开始处理第6572个图像:
开始处理第6573个图像:
开始处理第6574个图像:
开始处理第6575个图像:
开始处理第6576个图像:
开始处理第6577个图像:
开始处理第6578个图像:
开始处理第6579个图像:
开始处理第6580个图像:
开始处理第6581个图像:
开始处理第6582个图像:
开始处理第6583个图像:
开始处理第6584个图像:
开始处理第6585个图像:
开始处理第6586个图像:
开始处理第6587个图像:
开始处理第6588个图像:
开始处理第6589个图像:
开始处理第6590个图像:
开始处理第6591个图像:
开始处理第6592个图像:
开始处理第6593个图像:
开始处理第6594个图像:
开始处理第6595个图像:
开始处理第6596个图像:
开始处理第6597个图像:
开始处理第6598个图像:
开始处理第6599个图像:
开始处理第6600个图像:
开始处理第6601个图像:
开始处理第6602个图像:
开始处理第6603个图像:
开始处理第6604个图像:
开始处理第6605个图像:
开始处理第6606个图像:
开始处理第6607个图像:
开始处理第6608个图像:
开始处理第6609个图像:
开始处理第6610个图像:
开始处理第6611个图像:
开始处理第6612个图像:
开始处理第6613个图像:
开始处理第6614个图像:
开始处理第6615个图像:
开始处理第6616个图像:
开始处理第6617个图像:
开始处理第6618个图像:
开始处理第6619个图像:
开始处理第6620个图像:
开始处理第6621个图像:
开始处理第6622个图像:
开始处理第6623个图像:
开始处理第6624个图像:
开始处理第6625个图像:
开始处理第6626个图像:
开始处理第6627个图像:
开始处理第6628个图像:
开始处理第6629个图像:
开始处理第6630个图像:
开始处理第6631个图像:
开始处理第6632个图像:
开始处理第6633个图像:
开始处理第6634个图像:
开始处理第6635个图像:
开始处理第6636个图像:
开始处理第6637个图像:
开始处理第6638个图像:
开始处理第6639个图像:
开始处理第6640个图像:
开始处理第6641个图像:
开始处理第6642个图像:
开始处理第6643个图像:
开始处理第6644个图像:
开始处理第6645个图像:
开始处理第6646个图像:
开始处理第6647个图像:
开始处理第6648个图像:
开始处理第6649个图像:
开始处理第6650个图像:
开始处理第6651个图像:
开始处理第6652个图像:
开始处理第6653个图像:
开始处理第6654个图像:
开始处理第6655个图像:
开始处理第6656个图像:
开始处理第6657个图像:
开始处理第6658个图像:
开始处理第6659个图像:
开始处理第6660个图像:
开始处理第6661个图像:
开始处理第6662个图像:
开始处理第6663个图像:
开始处理第6664个图像:
开始处理第6665个图像:
开始处理第6666个图像:
开始处理第6667个图像:
开始处理第6668个图像:
开始处理第6669个图像:
开始处理第6670个图像:
开始处理第6671个图像:
开始处理第6672个图像:
开始处理第6673个图像:
开始处理第6674个图像:
开始处理第6675个图像:
开始处理第6676个图像:
开始处理第6677个图像:
开始处理第6678个图像:
开始处理第6679个图像:
开始处理第6680个图像:
开始处理第6681个图像:
开始处理第6682个图像:
开始处理第6683个图像:
开始处理第6684个图像:
开始处理第6685个图像:
开始处理第6686个图像:
开始处理第6687个图像:
开始处理第6688个图像:
开始处理第6689个图像:
开始处理第6690个图像:
开始处理第6691个图像:
开始处理第6692个图像:
开始处理第6693个图像:
开始处理第6694个图像:
开始处理第6695个图像:
开始处理第6696个图像:
开始处理第6697个图像:
开始处理第6698个图像:
开始处理第6699个图像:
开始处理第6700个图像:
开始处理第6701个图像:
开始处理第6702个图像:
开始处理第6703个图像:
开始处理第6704个图像:
开始处理第6705个图像:
开始处理第6706个图像:
开始处理第6707个图像:
开始处理第6708个图像:
开始处理第6709个图像:
开始处理第6710个图像:
开始处理第6711个图像:
开始处理第6712个图像:
开始处理第6713个图像:
开始处理第6714个图像:
开始处理第6715个图像:
开始处理第6716个图像:
开始处理第6717个图像:
开始处理第6718个图像:
开始处理第6719个图像:
开始处理第6720个图像:
开始处理第6721个图像:
开始处理第6722个图像:
开始处理第6723个图像:
开始处理第6724个图像:
开始处理第6725个图像:
开始处理第6726个图像:
开始处理第6727个图像:
开始处理第6728个图像:
开始处理第6729个图像:
开始处理第6730个图像:
开始处理第6731个图像:
开始处理第6732个图像:
开始处理第6733个图像:
开始处理第6734个图像:
开始处理第6735个图像:
开始处理第6736个图像:
开始处理第6737个图像:
开始处理第6738个图像:
开始处理第6739个图像:
开始处理第6740个图像:
开始处理第6741个图像:
开始处理第6742个图像:
开始处理第6743个图像:
开始处理第6744个图像:
开始处理第6745个图像:
开始处理第6746个图像:
开始处理第6747个图像:
开始处理第6748个图像:
开始处理第6749个图像:
开始处理第6750个图像:
开始处理第6751个图像:
开始处理第6752个图像:
开始处理第6753个图像:
开始处理第6754个图像:
开始处理第6755个图像:
开始处理第6756个图像:
开始处理第6757个图像:
开始处理第6758个图像:
开始处理第6759个图像:
开始处理第6760个图像:
开始处理第6761个图像:
开始处理第6762个图像:
开始处理第6763个图像:
开始处理第6764个图像:
开始处理第6765个图像:
开始处理第6766个图像:
开始处理第6767个图像:
开始处理第6768个图像:
开始处理第6769个图像:
开始处理第6770个图像:
开始处理第6771个图像:
开始处理第6772个图像:
开始处理第6773个图像:
开始处理第6774个图像:
开始处理第6775个图像:
开始处理第6776个图像:
开始处理第6777个图像:
开始处理第6778个图像:
开始处理第6779个图像:
开始处理第6780个图像:
开始处理第6781个图像:
开始处理第6782个图像:
开始处理第6783个图像:
开始处理第6784个图像:
开始处理第6785个图像:
开始处理第6786个图像:
开始处理第6787个图像:
开始处理第6788个图像:
开始处理第6789个图像:
开始处理第6790个图像:
开始处理第6791个图像:
开始处理第6792个图像:
开始处理第6793个图像:
开始处理第6794个图像:
开始处理第6795个图像:
开始处理第6796个图像:
开始处理第6797个图像:
开始处理第6798个图像:
开始处理第6799个图像:
开始处理第6800个图像:
开始处理第6801个图像:
开始处理第6802个图像:
开始处理第6803个图像:
开始处理第6804个图像:
开始处理第6805个图像:
开始处理第6806个图像:
开始处理第6807个图像:
开始处理第6808个图像:
开始处理第6809个图像:
开始处理第6810个图像:
开始处理第6811个图像:
开始处理第6812个图像:
开始处理第6813个图像:
开始处理第6814个图像:
开始处理第6815个图像:
开始处理第6816个图像:
开始处理第6817个图像:
开始处理第6818个图像:
开始处理第6819个图像:
开始处理第6820个图像:
开始处理第6821个图像:
开始处理第6822个图像:
开始处理第6823个图像:
开始处理第6824个图像:
开始处理第6825个图像:
开始处理第6826个图像:
开始处理第6827个图像:
开始处理第6828个图像:
开始处理第6829个图像:
开始处理第6830个图像:
开始处理第6831个图像:
开始处理第6832个图像:
开始处理第6833个图像:
开始处理第6834个图像:
开始处理第6835个图像:
开始处理第6836个图像:
开始处理第6837个图像:
开始处理第6838个图像:
开始处理第6839个图像:
开始处理第6840个图像:
开始处理第6841个图像:
开始处理第6842个图像:
开始处理第6843个图像:
开始处理第6844个图像:
开始处理第6845个图像:
开始处理第6846个图像:
开始处理第6847个图像:
开始处理第6848个图像:
开始处理第6849个图像:
开始处理第6850个图像:
开始处理第6851个图像:
开始处理第6852个图像:
开始处理第6853个图像:
开始处理第6854个图像:
开始处理第6855个图像:
开始处理第6856个图像:
开始处理第6857个图像:
开始处理第6858个图像:
开始处理第6859个图像:
开始处理第6860个图像:
开始处理第6861个图像:
开始处理第6862个图像:
开始处理第6863个图像:
开始处理第6864个图像:
开始处理第6865个图像:
开始处理第6866个图像:
开始处理第6867个图像:
开始处理第6868个图像:
开始处理第6869个图像:
开始处理第6870个图像:
开始处理第6871个图像:
开始处理第6872个图像:
开始处理第6873个图像:
开始处理第6874个图像:
开始处理第6875个图像:
开始处理第6876个图像:
开始处理第6877个图像:
开始处理第6878个图像:
开始处理第6879个图像:
开始处理第6880个图像:
开始处理第6881个图像:
开始处理第6882个图像:
开始处理第6883个图像:
开始处理第6884个图像:
开始处理第6885个图像:
开始处理第6886个图像:
开始处理第6887个图像:
开始处理第6888个图像:
开始处理第6889个图像:
开始处理第6890个图像:
开始处理第6891个图像:
开始处理第6892个图像:
开始处理第6893个图像:
开始处理第6894个图像:
开始处理第6895个图像:
开始处理第6896个图像:
开始处理第6897个图像:
开始处理第6898个图像:
开始处理第6899个图像:
开始处理第6900个图像:
开始处理第6901个图像:
开始处理第6902个图像:
开始处理第6903个图像:
开始处理第6904个图像:
开始处理第6905个图像:
开始处理第6906个图像:
开始处理第6907个图像:
开始处理第6908个图像:
开始处理第6909个图像:
开始处理第6910个图像:
开始处理第6911个图像:
开始处理第6912个图像:
开始处理第6913个图像:
开始处理第6914个图像:
开始处理第6915个图像:
开始处理第6916个图像:
开始处理第6917个图像:
开始处理第6918个图像:
开始处理第6919个图像:
开始处理第6920个图像:
开始处理第6921个图像:
开始处理第6922个图像:
开始处理第6923个图像:
开始处理第6924个图像:
开始处理第6925个图像:
开始处理第6926个图像:
开始处理第6927个图像:
开始处理第6928个图像:
开始处理第6929个图像:
开始处理第6930个图像:
开始处理第6931个图像:
开始处理第6932个图像:
开始处理第6933个图像:
开始处理第6934个图像:
开始处理第6935个图像:
开始处理第6936个图像:
开始处理第6937个图像:
开始处理第6938个图像:
开始处理第6939个图像:
开始处理第6940个图像:
开始处理第6941个图像:
开始处理第6942个图像:
开始处理第6943个图像:
开始处理第6944个图像:
开始处理第6945个图像:
开始处理第6946个图像:
开始处理第6947个图像:
开始处理第6948个图像:
开始处理第6949个图像:
开始处理第6950个图像:
开始处理第6951个图像:
开始处理第6952个图像:
开始处理第6953个图像:
开始处理第6954个图像:
开始处理第6955个图像:
开始处理第6956个图像:
开始处理第6957个图像:
开始处理第6958个图像:
开始处理第6959个图像:
开始处理第6960个图像:
开始处理第6961个图像:
开始处理第6962个图像:
开始处理第6963个图像:
开始处理第6964个图像:
开始处理第6965个图像:
开始处理第6966个图像:
开始处理第6967个图像:
开始处理第6968个图像:
开始处理第6969个图像:
开始处理第6970个图像:
开始处理第6971个图像:
开始处理第6972个图像:
开始处理第6973个图像:
开始处理第6974个图像:
开始处理第6975个图像:
开始处理第6976个图像:
开始处理第6977个图像:
开始处理第6978个图像:
开始处理第6979个图像:
开始处理第6980个图像:
开始处理第6981个图像:
开始处理第6982个图像:
开始处理第6983个图像:
开始处理第6984个图像:
开始处理第6985个图像:
开始处理第6986个图像:
开始处理第6987个图像:
开始处理第6988个图像:
开始处理第6989个图像:
开始处理第6990个图像:
开始处理第6991个图像:
开始处理第6992个图像:
开始处理第6993个图像:
开始处理第6994个图像:
开始处理第6995个图像:
开始处理第6996个图像:
开始处理第6997个图像:
开始处理第6998个图像:
开始处理第6999个图像:
开始处理第7000个图像:
开始处理第7001个图像:
开始处理第7002个图像:
开始处理第7003个图像:
开始处理第7004个图像:
开始处理第7005个图像:
开始处理第7006个图像:
开始处理第7007个图像:
开始处理第7008个图像:
开始处理第7009个图像:
开始处理第7010个图像:
开始处理第7011个图像:
开始处理第7012个图像:
开始处理第7013个图像:
开始处理第7014个图像:
开始处理第7015个图像:
开始处理第7016个图像:
开始处理第7017个图像:
开始处理第7018个图像:
开始处理第7019个图像:
开始处理第7020个图像:
开始处理第7021个图像:
开始处理第7022个图像:
开始处理第7023个图像:
开始处理第7024个图像:
开始处理第7025个图像:
开始处理第7026个图像:
开始处理第7027个图像:
开始处理第7028个图像:
开始处理第7029个图像:
开始处理第7030个图像:
开始处理第7031个图像:
开始处理第7032个图像:
开始处理第7033个图像:
开始处理第7034个图像:
开始处理第7035个图像:
开始处理第7036个图像:
开始处理第7037个图像:
开始处理第7038个图像:
开始处理第7039个图像:
开始处理第7040个图像:
开始处理第7041个图像:
开始处理第7042个图像:
开始处理第7043个图像:
开始处理第7044个图像:
开始处理第7045个图像:
开始处理第7046个图像:
开始处理第7047个图像:
开始处理第7048个图像:
开始处理第7049个图像:
开始处理第7050个图像:
开始处理第7051个图像:
开始处理第7052个图像:
开始处理第7053个图像:
开始处理第7054个图像:
开始处理第7055个图像:
开始处理第7056个图像:
开始处理第7057个图像:
开始处理第7058个图像:
开始处理第7059个图像:
开始处理第7060个图像:
开始处理第7061个图像:
开始处理第7062个图像:
开始处理第7063个图像:
开始处理第7064个图像:
开始处理第7065个图像:
开始处理第7066个图像:
开始处理第7067个图像:
开始处理第7068个图像:
开始处理第7069个图像:
开始处理第7070个图像:
开始处理第7071个图像:
开始处理第7072个图像:
开始处理第7073个图像:
开始处理第7074个图像:
开始处理第7075个图像:
开始处理第7076个图像:
开始处理第7077个图像:
开始处理第7078个图像:
开始处理第7079个图像:
开始处理第7080个图像:
开始处理第7081个图像:
开始处理第7082个图像:
开始处理第7083个图像:
开始处理第7084个图像:
开始处理第7085个图像:
开始处理第7086个图像:
开始处理第7087个图像:
开始处理第7088个图像:
开始处理第7089个图像:
开始处理第7090个图像:
开始处理第7091个图像:
开始处理第7092个图像:
开始处理第7093个图像:
开始处理第7094个图像:
开始处理第7095个图像:
开始处理第7096个图像:
开始处理第7097个图像:
开始处理第7098个图像:
开始处理第7099个图像:
开始处理第7100个图像:
开始处理第7101个图像:
开始处理第7102个图像:
开始处理第7103个图像:
开始处理第7104个图像:
开始处理第7105个图像:
开始处理第7106个图像:
开始处理第7107个图像:
开始处理第7108个图像:
开始处理第7109个图像:
开始处理第7110个图像:
开始处理第7111个图像:
开始处理第7112个图像:
开始处理第7113个图像:
开始处理第7114个图像:
开始处理第7115个图像:
开始处理第7116个图像:
开始处理第7117个图像:
开始处理第7118个图像:
开始处理第7119个图像:
开始处理第7120个图像:
开始处理第7121个图像:
开始处理第7122个图像:
开始处理第7123个图像:
开始处理第7124个图像:
开始处理第7125个图像:
开始处理第7126个图像:
开始处理第7127个图像:
开始处理第7128个图像:
开始处理第7129个图像:
开始处理第7130个图像:
开始处理第7131个图像:
开始处理第7132个图像:
开始处理第7133个图像:
开始处理第7134个图像:
开始处理第7135个图像:
开始处理第7136个图像:
开始处理第7137个图像:
开始处理第7138个图像:
开始处理第7139个图像:
开始处理第7140个图像:
开始处理第7141个图像:
开始处理第7142个图像:
开始处理第7143个图像:
开始处理第7144个图像:
开始处理第7145个图像:
开始处理第7146个图像:
开始处理第7147个图像:
开始处理第7148个图像:
开始处理第7149个图像:
开始处理第7150个图像:
开始处理第7151个图像:
开始处理第7152个图像:
开始处理第7153个图像:
开始处理第7154个图像:
开始处理第7155个图像:
开始处理第7156个图像:
开始处理第7157个图像:
开始处理第7158个图像:
开始处理第7159个图像:
开始处理第7160个图像:
开始处理第7161个图像:
开始处理第7162个图像:
开始处理第7163个图像:
开始处理第7164个图像:
开始处理第7165个图像:
开始处理第7166个图像:
开始处理第7167个图像:
开始处理第7168个图像:
开始处理第7169个图像:
开始处理第7170个图像:
开始处理第7171个图像:
开始处理第7172个图像:
开始处理第7173个图像:
开始处理第7174个图像:
开始处理第7175个图像:
开始处理第7176个图像:
开始处理第7177个图像:
开始处理第7178个图像:
开始处理第7179个图像:
开始处理第7180个图像:
开始处理第7181个图像:
开始处理第7182个图像:
开始处理第7183个图像:
开始处理第7184个图像:
开始处理第7185个图像:
开始处理第7186个图像:
开始处理第7187个图像:
开始处理第7188个图像:
开始处理第7189个图像:
开始处理第7190个图像:
开始处理第7191个图像:
开始处理第7192个图像:
开始处理第7193个图像:
开始处理第7194个图像:
开始处理第7195个图像:
开始处理第7196个图像:
开始处理第7197个图像:
开始处理第7198个图像:
开始处理第7199个图像:
开始处理第7200个图像:
开始处理第7201个图像:
开始处理第7202个图像:
开始处理第7203个图像:
开始处理第7204个图像:
开始处理第7205个图像:
开始处理第7206个图像:
开始处理第7207个图像:
开始处理第7208个图像:
开始处理第7209个图像:
开始处理第7210个图像:
开始处理第7211个图像:
开始处理第7212个图像:
开始处理第7213个图像:
开始处理第7214个图像:
开始处理第7215个图像:
开始处理第7216个图像:
开始处理第7217个图像:
开始处理第7218个图像:
开始处理第7219个图像:
开始处理第7220个图像:
开始处理第7221个图像:
开始处理第7222个图像:
开始处理第7223个图像:
开始处理第7224个图像:
开始处理第7225个图像:
开始处理第7226个图像:
开始处理第7227个图像:
开始处理第7228个图像:
开始处理第7229个图像:
开始处理第7230个图像:
开始处理第7231个图像:
开始处理第7232个图像:
开始处理第7233个图像:
开始处理第7234个图像:
开始处理第7235个图像:
开始处理第7236个图像:
开始处理第7237个图像:
开始处理第7238个图像:
开始处理第7239个图像:
开始处理第7240个图像:
开始处理第7241个图像:
开始处理第7242个图像:
开始处理第7243个图像:
开始处理第7244个图像:
开始处理第7245个图像:
开始处理第7246个图像:
开始处理第7247个图像:
开始处理第7248个图像:
开始处理第7249个图像:
开始处理第7250个图像:
开始处理第7251个图像:
开始处理第7252个图像:
开始处理第7253个图像:
开始处理第7254个图像:
开始处理第7255个图像:
开始处理第7256个图像:
开始处理第7257个图像:
开始处理第7258个图像:
开始处理第7259个图像:
开始处理第7260个图像:
开始处理第7261个图像:
开始处理第7262个图像:
开始处理第7263个图像:
开始处理第7264个图像:
开始处理第7265个图像:
开始处理第7266个图像:
开始处理第7267个图像:
开始处理第7268个图像:
开始处理第7269个图像:
开始处理第7270个图像:
开始处理第7271个图像:
开始处理第7272个图像:
开始处理第7273个图像:
开始处理第7274个图像:
开始处理第7275个图像:
开始处理第7276个图像:
开始处理第7277个图像:
开始处理第7278个图像:
开始处理第7279个图像:
开始处理第7280个图像:
开始处理第7281个图像:
开始处理第7282个图像:
开始处理第7283个图像:
开始处理第7284个图像:
开始处理第7285个图像:
开始处理第7286个图像:
开始处理第7287个图像:
开始处理第7288个图像:
开始处理第7289个图像:
开始处理第7290个图像:
开始处理第7291个图像:
开始处理第7292个图像:
开始处理第7293个图像:
开始处理第7294个图像:
开始处理第7295个图像:
开始处理第7296个图像:
开始处理第7297个图像:
开始处理第7298个图像:
开始处理第7299个图像:
开始处理第7300个图像:
开始处理第7301个图像:
开始处理第7302个图像:
开始处理第7303个图像:
开始处理第7304个图像:
开始处理第7305个图像:
开始处理第7306个图像:
开始处理第7307个图像:
开始处理第7308个图像:
开始处理第7309个图像:
开始处理第7310个图像:
开始处理第7311个图像:
开始处理第7312个图像:
开始处理第7313个图像:
开始处理第7314个图像:
开始处理第7315个图像:
开始处理第7316个图像:
开始处理第7317个图像:
开始处理第7318个图像:
开始处理第7319个图像:
开始处理第7320个图像:
开始处理第7321个图像:
开始处理第7322个图像:
开始处理第7323个图像:
开始处理第7324个图像:
开始处理第7325个图像:
开始处理第7326个图像:
开始处理第7327个图像:
开始处理第7328个图像:
开始处理第7329个图像:
开始处理第7330个图像:
开始处理第7331个图像:
开始处理第7332个图像:
开始处理第7333个图像:
开始处理第7334个图像:
开始处理第7335个图像:
开始处理第7336个图像:
开始处理第7337个图像:
开始处理第7338个图像:
开始处理第7339个图像:
开始处理第7340个图像:
开始处理第7341个图像:
开始处理第7342个图像:
开始处理第7343个图像:
开始处理第7344个图像:
开始处理第7345个图像:
开始处理第7346个图像:
开始处理第7347个图像:
开始处理第7348个图像:
开始处理第7349个图像:
开始处理第7350个图像:
开始处理第7351个图像:
开始处理第7352个图像:
开始处理第7353个图像:
开始处理第7354个图像:
开始处理第7355个图像:
开始处理第7356个图像:
开始处理第7357个图像:
开始处理第7358个图像:
开始处理第7359个图像:
开始处理第7360个图像:
开始处理第7361个图像:
开始处理第7362个图像:
开始处理第7363个图像:
开始处理第7364个图像:
开始处理第7365个图像:
开始处理第7366个图像:
开始处理第7367个图像:
开始处理第7368个图像:
开始处理第7369个图像:
开始处理第7370个图像:
开始处理第7371个图像:
开始处理第7372个图像:
开始处理第7373个图像:
开始处理第7374个图像:
开始处理第7375个图像:
开始处理第7376个图像:
开始处理第7377个图像:
开始处理第7378个图像:
开始处理第7379个图像:
开始处理第7380个图像:
开始处理第7381个图像:
开始处理第7382个图像:
开始处理第7383个图像:
开始处理第7384个图像:
开始处理第7385个图像:
开始处理第7386个图像:
开始处理第7387个图像:
开始处理第7388个图像:
开始处理第7389个图像:
开始处理第7390个图像:
开始处理第7391个图像:
开始处理第7392个图像:
开始处理第7393个图像:
开始处理第7394个图像:
开始处理第7395个图像:
开始处理第7396个图像:
开始处理第7397个图像:
开始处理第7398个图像:
开始处理第7399个图像:
开始处理第7400个图像:
开始处理第7401个图像:
开始处理第7402个图像:
开始处理第7403个图像:
开始处理第7404个图像:
开始处理第7405个图像:
开始处理第7406个图像:
开始处理第7407个图像:
开始处理第7408个图像:
开始处理第7409个图像:
开始处理第7410个图像:
开始处理第7411个图像:
开始处理第7412个图像:
开始处理第7413个图像:
开始处理第7414个图像:
开始处理第7415个图像:
开始处理第7416个图像:
开始处理第7417个图像:
开始处理第7418个图像:
开始处理第7419个图像:
开始处理第7420个图像:
开始处理第7421个图像:
开始处理第7422个图像:
开始处理第7423个图像:
开始处理第7424个图像:
开始处理第7425个图像:
开始处理第7426个图像:
开始处理第7427个图像:
开始处理第7428个图像:
开始处理第7429个图像:
开始处理第7430个图像:
开始处理第7431个图像:
开始处理第7432个图像:
开始处理第7433个图像:
开始处理第7434个图像:
开始处理第7435个图像:
开始处理第7436个图像:
开始处理第7437个图像:
开始处理第7438个图像:
开始处理第7439个图像:
开始处理第7440个图像:
开始处理第7441个图像:
开始处理第7442个图像:
开始处理第7443个图像:
开始处理第7444个图像:
开始处理第7445个图像:
开始处理第7446个图像:
开始处理第7447个图像:
开始处理第7448个图像:
开始处理第7449个图像:
开始处理第7450个图像:
开始处理第7451个图像:
开始处理第7452个图像:
开始处理第7453个图像:
开始处理第7454个图像:
开始处理第7455个图像:
开始处理第7456个图像:
开始处理第7457个图像:
开始处理第7458个图像:
开始处理第7459个图像:
开始处理第7460个图像:
开始处理第7461个图像:
开始处理第7462个图像:
开始处理第7463个图像:
开始处理第7464个图像:
开始处理第7465个图像:
开始处理第7466个图像:
开始处理第7467个图像:
开始处理第7468个图像:
开始处理第7469个图像:
开始处理第7470个图像:
开始处理第7471个图像:
开始处理第7472个图像:
开始处理第7473个图像:
开始处理第7474个图像:
开始处理第7475个图像:
开始处理第7476个图像:
开始处理第7477个图像:
开始处理第7478个图像:
开始处理第7479个图像:
开始处理第7480个图像:
开始处理第7481个图像:
开始处理第7482个图像:
开始处理第7483个图像:
开始处理第7484个图像:
开始处理第7485个图像:
开始处理第7486个图像:
开始处理第7487个图像:
开始处理第7488个图像:
开始处理第7489个图像:
开始处理第7490个图像:
开始处理第7491个图像:
开始处理第7492个图像:
开始处理第7493个图像:
开始处理第7494个图像:
开始处理第7495个图像:
开始处理第7496个图像:
开始处理第7497个图像:
开始处理第7498个图像:
开始处理第7499个图像:
开始处理第7500个图像:
开始处理第7501个图像:
开始处理第7502个图像:
开始处理第7503个图像:
开始处理第7504个图像:
开始处理第7505个图像:
开始处理第7506个图像:
开始处理第7507个图像:
开始处理第7508个图像:
开始处理第7509个图像:
开始处理第7510个图像:
开始处理第7511个图像:
开始处理第7512个图像:
开始处理第7513个图像:
开始处理第7514个图像:
开始处理第7515个图像:
开始处理第7516个图像:
开始处理第7517个图像:
开始处理第7518个图像:
开始处理第7519个图像:
开始处理第7520个图像:
开始处理第7521个图像:
开始处理第7522个图像:
开始处理第7523个图像:
开始处理第7524个图像:
开始处理第7525个图像:
开始处理第7526个图像:
开始处理第7527个图像:
开始处理第7528个图像:
开始处理第7529个图像:
开始处理第7530个图像:
开始处理第7531个图像:
开始处理第7532个图像:
开始处理第7533个图像:
开始处理第7534个图像:
开始处理第7535个图像:
开始处理第7536个图像:
开始处理第7537个图像:
开始处理第7538个图像:
开始处理第7539个图像:
开始处理第7540个图像:
开始处理第7541个图像:
开始处理第7542个图像:
开始处理第7543个图像:
开始处理第7544个图像:
开始处理第7545个图像:
开始处理第7546个图像:
开始处理第7547个图像:
开始处理第7548个图像:
开始处理第7549个图像:
开始处理第7550个图像:
开始处理第7551个图像:
开始处理第7552个图像:
开始处理第7553个图像:
开始处理第7554个图像:
开始处理第7555个图像:
开始处理第7556个图像:
开始处理第7557个图像:
开始处理第7558个图像:
开始处理第7559个图像:
开始处理第7560个图像:
开始处理第7561个图像:
开始处理第7562个图像:
开始处理第7563个图像:
开始处理第7564个图像:
开始处理第7565个图像:
开始处理第7566个图像:
开始处理第7567个图像:
开始处理第7568个图像:
开始处理第7569个图像:
开始处理第7570个图像:
开始处理第7571个图像:
开始处理第7572个图像:
开始处理第7573个图像:
开始处理第7574个图像:
开始处理第7575个图像:
开始处理第7576个图像:
开始处理第7577个图像:
开始处理第7578个图像:
开始处理第7579个图像:
开始处理第7580个图像:
开始处理第7581个图像:
开始处理第7582个图像:
开始处理第7583个图像:
开始处理第7584个图像:
开始处理第7585个图像:
开始处理第7586个图像:
开始处理第7587个图像:
开始处理第7588个图像:
开始处理第7589个图像:
开始处理第7590个图像:
开始处理第7591个图像:
开始处理第7592个图像:
开始处理第7593个图像:
开始处理第7594个图像:
开始处理第7595个图像:
开始处理第7596个图像:
开始处理第7597个图像:
开始处理第7598个图像:
开始处理第7599个图像:
开始处理第7600个图像:
开始处理第7601个图像:
开始处理第7602个图像:
开始处理第7603个图像:
开始处理第7604个图像:
开始处理第7605个图像:
开始处理第7606个图像:
开始处理第7607个图像:
开始处理第7608个图像:
开始处理第7609个图像:
开始处理第7610个图像:
开始处理第7611个图像:
开始处理第7612个图像:
开始处理第7613个图像:
开始处理第7614个图像:
开始处理第7615个图像:
开始处理第7616个图像:
开始处理第7617个图像:
开始处理第7618个图像:
开始处理第7619个图像:
开始处理第7620个图像:
开始处理第7621个图像:
开始处理第7622个图像:
开始处理第7623个图像:
开始处理第7624个图像:
开始处理第7625个图像:
开始处理第7626个图像:
开始处理第7627个图像:
开始处理第7628个图像:
开始处理第7629个图像:
开始处理第7630个图像:
开始处理第7631个图像:
开始处理第7632个图像:
开始处理第7633个图像:
开始处理第7634个图像:
开始处理第7635个图像:
开始处理第7636个图像:
开始处理第7637个图像:
开始处理第7638个图像:
开始处理第7639个图像:
开始处理第7640个图像:
开始处理第7641个图像:
开始处理第7642个图像:
开始处理第7643个图像:
开始处理第7644个图像:
开始处理第7645个图像:
开始处理第7646个图像:
开始处理第7647个图像:
开始处理第7648个图像:
开始处理第7649个图像:
开始处理第7650个图像:
开始处理第7651个图像:
开始处理第7652个图像:
开始处理第7653个图像:
开始处理第7654个图像:
开始处理第7655个图像:
开始处理第7656个图像:
开始处理第7657个图像:
开始处理第7658个图像:
开始处理第7659个图像:
开始处理第7660个图像:
开始处理第7661个图像:
开始处理第7662个图像:
开始处理第7663个图像:
开始处理第7664个图像:
开始处理第7665个图像:
开始处理第7666个图像:
开始处理第7667个图像:
开始处理第7668个图像:
开始处理第7669个图像:
开始处理第7670个图像:
开始处理第7671个图像:
开始处理第7672个图像:
开始处理第7673个图像:
开始处理第7674个图像:
开始处理第7675个图像:
开始处理第7676个图像:
开始处理第7677个图像:
开始处理第7678个图像:
开始处理第7679个图像:
开始处理第7680个图像:
开始处理第7681个图像:
开始处理第7682个图像:
开始处理第7683个图像:
开始处理第7684个图像:
开始处理第7685个图像:
开始处理第7686个图像:
开始处理第7687个图像:
开始处理第7688个图像:
开始处理第7689个图像:
开始处理第7690个图像:
开始处理第7691个图像:
开始处理第7692个图像:
开始处理第7693个图像:
开始处理第7694个图像:
开始处理第7695个图像:
开始处理第7696个图像:
开始处理第7697个图像:
开始处理第7698个图像:
开始处理第7699个图像:
开始处理第7700个图像:
开始处理第7701个图像:
开始处理第7702个图像:
开始处理第7703个图像:
开始处理第7704个图像:
开始处理第7705个图像:
开始处理第7706个图像:
开始处理第7707个图像:
开始处理第7708个图像:
开始处理第7709个图像:
开始处理第7710个图像:
开始处理第7711个图像:
开始处理第7712个图像:
开始处理第7713个图像:
开始处理第7714个图像:
开始处理第7715个图像:
开始处理第7716个图像:
开始处理第7717个图像:
开始处理第7718个图像:
开始处理第7719个图像:
开始处理第7720个图像:
开始处理第7721个图像:
开始处理第7722个图像:
开始处理第7723个图像:
开始处理第7724个图像:
开始处理第7725个图像:
开始处理第7726个图像:
开始处理第7727个图像:
开始处理第7728个图像:
开始处理第7729个图像:
开始处理第7730个图像:
开始处理第7731个图像:
开始处理第7732个图像:
开始处理第7733个图像:
开始处理第7734个图像:
开始处理第7735个图像:
开始处理第7736个图像:
开始处理第7737个图像:
开始处理第7738个图像:
开始处理第7739个图像:
开始处理第7740个图像:
开始处理第7741个图像:
开始处理第7742个图像:
开始处理第7743个图像:
开始处理第7744个图像:
开始处理第7745个图像:
开始处理第7746个图像:
开始处理第7747个图像:
开始处理第7748个图像:
开始处理第7749个图像:
开始处理第7750个图像:
开始处理第7751个图像:
开始处理第7752个图像:
开始处理第7753个图像:
开始处理第7754个图像:
开始处理第7755个图像:
开始处理第7756个图像:
开始处理第7757个图像:
开始处理第7758个图像:
开始处理第7759个图像:
开始处理第7760个图像:
开始处理第7761个图像:
开始处理第7762个图像:
开始处理第7763个图像:
开始处理第7764个图像:
开始处理第7765个图像:
开始处理第7766个图像:
开始处理第7767个图像:
开始处理第7768个图像:
开始处理第7769个图像:
开始处理第7770个图像:
开始处理第7771个图像:
开始处理第7772个图像:
开始处理第7773个图像:
开始处理第7774个图像:
开始处理第7775个图像:
开始处理第7776个图像:
开始处理第7777个图像:
开始处理第7778个图像:
开始处理第7779个图像:
开始处理第7780个图像:
开始处理第7781个图像:
开始处理第7782个图像:
开始处理第7783个图像:
开始处理第7784个图像:
开始处理第7785个图像:
开始处理第7786个图像:
开始处理第7787个图像:
开始处理第7788个图像:
开始处理第7789个图像:
开始处理第7790个图像:
开始处理第7791个图像:
开始处理第7792个图像:
开始处理第7793个图像:
开始处理第7794个图像:
开始处理第7795个图像:
开始处理第7796个图像:
开始处理第7797个图像:
开始处理第7798个图像:
开始处理第7799个图像:
开始处理第7800个图像:
开始处理第7801个图像:
开始处理第7802个图像:
开始处理第7803个图像:
开始处理第7804个图像:
开始处理第7805个图像:
开始处理第7806个图像:
开始处理第7807个图像:
开始处理第7808个图像:
开始处理第7809个图像:
开始处理第7810个图像:
开始处理第7811个图像:
开始处理第7812个图像:
开始处理第7813个图像:
开始处理第7814个图像:
开始处理第7815个图像:
开始处理第7816个图像:
开始处理第7817个图像:
开始处理第7818个图像:
开始处理第7819个图像:
开始处理第7820个图像:
开始处理第7821个图像:
开始处理第7822个图像:
开始处理第7823个图像:
开始处理第7824个图像:
开始处理第7825个图像:
开始处理第7826个图像:
开始处理第7827个图像:
开始处理第7828个图像:
开始处理第7829个图像:
开始处理第7830个图像:
开始处理第7831个图像:
开始处理第7832个图像:
开始处理第7833个图像:
开始处理第7834个图像:
开始处理第7835个图像:
开始处理第7836个图像:
开始处理第7837个图像:
开始处理第7838个图像:
开始处理第7839个图像:
开始处理第7840个图像:
开始处理第7841个图像:
开始处理第7842个图像:
开始处理第7843个图像:
开始处理第7844个图像:
开始处理第7845个图像:
开始处理第7846个图像:
开始处理第7847个图像:
开始处理第7848个图像:
开始处理第7849个图像:
开始处理第7850个图像:
开始处理第7851个图像:
开始处理第7852个图像:
开始处理第7853个图像:
开始处理第7854个图像:
开始处理第7855个图像:
开始处理第7856个图像:
开始处理第7857个图像:
开始处理第7858个图像:
开始处理第7859个图像:
开始处理第7860个图像:
开始处理第7861个图像:
开始处理第7862个图像:
开始处理第7863个图像:
开始处理第7864个图像:
开始处理第7865个图像:
开始处理第7866个图像:
开始处理第7867个图像:
开始处理第7868个图像:
开始处理第7869个图像:
开始处理第7870个图像:
开始处理第7871个图像:
开始处理第7872个图像:
开始处理第7873个图像:
开始处理第7874个图像:
开始处理第7875个图像:
开始处理第7876个图像:
开始处理第7877个图像:
开始处理第7878个图像:
开始处理第7879个图像:
开始处理第7880个图像:
开始处理第7881个图像:
开始处理第7882个图像:
开始处理第7883个图像:
开始处理第7884个图像:
开始处理第7885个图像:
开始处理第7886个图像:
开始处理第7887个图像:
开始处理第7888个图像:
开始处理第7889个图像:
开始处理第7890个图像:
开始处理第7891个图像:
开始处理第7892个图像:
开始处理第7893个图像:
开始处理第7894个图像:
开始处理第7895个图像:
开始处理第7896个图像:
开始处理第7897个图像:
开始处理第7898个图像:
开始处理第7899个图像:
开始处理第7900个图像:
开始处理第7901个图像:
开始处理第7902个图像:
开始处理第7903个图像:
开始处理第7904个图像:
开始处理第7905个图像:
开始处理第7906个图像:
开始处理第7907个图像:
开始处理第7908个图像:
开始处理第7909个图像:
开始处理第7910个图像:
开始处理第7911个图像:
开始处理第7912个图像:
开始处理第7913个图像:
开始处理第7914个图像:
开始处理第7915个图像:
开始处理第7916个图像:
开始处理第7917个图像:
开始处理第7918个图像:
开始处理第7919个图像:
开始处理第7920个图像:
开始处理第7921个图像:
开始处理第7922个图像:
开始处理第7923个图像:
开始处理第7924个图像:
开始处理第7925个图像:
开始处理第7926个图像:
开始处理第7927个图像:
开始处理第7928个图像:
开始处理第7929个图像:
开始处理第7930个图像:
开始处理第7931个图像:
开始处理第7932个图像:
开始处理第7933个图像:
开始处理第7934个图像:
开始处理第7935个图像:
开始处理第7936个图像:
开始处理第7937个图像:
开始处理第7938个图像:
开始处理第7939个图像:
开始处理第7940个图像:
开始处理第7941个图像:
开始处理第7942个图像:
开始处理第7943个图像:
开始处理第7944个图像:
开始处理第7945个图像:
开始处理第7946个图像:
开始处理第7947个图像:
开始处理第7948个图像:
开始处理第7949个图像:
开始处理第7950个图像:
开始处理第7951个图像:
开始处理第7952个图像:
开始处理第7953个图像:
开始处理第7954个图像:
开始处理第7955个图像:
开始处理第7956个图像:
开始处理第7957个图像:
开始处理第7958个图像:
开始处理第7959个图像:
开始处理第7960个图像:
开始处理第7961个图像:
开始处理第7962个图像:
开始处理第7963个图像:
开始处理第7964个图像:
开始处理第7965个图像:
开始处理第7966个图像:
开始处理第7967个图像:
开始处理第7968个图像:
开始处理第7969个图像:
开始处理第7970个图像:
开始处理第7971个图像:
开始处理第7972个图像:
开始处理第7973个图像:
开始处理第7974个图像:
开始处理第7975个图像:
开始处理第7976个图像:
开始处理第7977个图像:
开始处理第7978个图像:
开始处理第7979个图像:
开始处理第7980个图像:
开始处理第7981个图像:
开始处理第7982个图像:
开始处理第7983个图像:
开始处理第7984个图像:
开始处理第7985个图像:
开始处理第7986个图像:
开始处理第7987个图像:
开始处理第7988个图像:
开始处理第7989个图像:
开始处理第7990个图像:
开始处理第7991个图像:
开始处理第7992个图像:
开始处理第7993个图像:
开始处理第7994个图像:
开始处理第7995个图像:
开始处理第7996个图像:
开始处理第7997个图像:
开始处理第7998个图像:
开始处理第7999个图像:
开始处理第8000个图像:
开始处理第8001个图像:
开始处理第8002个图像:
开始处理第8003个图像:
开始处理第8004个图像:
开始处理第8005个图像:
开始处理第8006个图像:
开始处理第8007个图像:
开始处理第8008个图像:
开始处理第8009个图像:
开始处理第8010个图像:
开始处理第8011个图像:
开始处理第8012个图像:
开始处理第8013个图像:
开始处理第8014个图像:
开始处理第8015个图像:
开始处理第8016个图像:
开始处理第8017个图像:
开始处理第8018个图像:
开始处理第8019个图像:
开始处理第8020个图像:
开始处理第8021个图像:
开始处理第8022个图像:
开始处理第8023个图像:
开始处理第8024个图像:
开始处理第8025个图像:
开始处理第8026个图像:
开始处理第8027个图像:
开始处理第8028个图像:
开始处理第8029个图像:
开始处理第8030个图像:
开始处理第8031个图像:
开始处理第8032个图像:
开始处理第8033个图像:
开始处理第8034个图像:
开始处理第8035个图像:
开始处理第8036个图像:
开始处理第8037个图像:
开始处理第8038个图像:
开始处理第8039个图像:
开始处理第8040个图像:
开始处理第8041个图像:
开始处理第8042个图像:
开始处理第8043个图像:
开始处理第8044个图像:
开始处理第8045个图像:
开始处理第8046个图像:
开始处理第8047个图像:
开始处理第8048个图像:
开始处理第8049个图像:
开始处理第8050个图像:
开始处理第8051个图像:
开始处理第8052个图像:
开始处理第8053个图像:
开始处理第8054个图像:
开始处理第8055个图像:
开始处理第8056个图像:
开始处理第8057个图像:
开始处理第8058个图像:
开始处理第8059个图像:
开始处理第8060个图像:
开始处理第8061个图像:
开始处理第8062个图像:
开始处理第8063个图像:
开始处理第8064个图像:
开始处理第8065个图像:
开始处理第8066个图像:
开始处理第8067个图像:
开始处理第8068个图像:
开始处理第8069个图像:
开始处理第8070个图像:
开始处理第8071个图像:
开始处理第8072个图像:
开始处理第8073个图像:
开始处理第8074个图像:
开始处理第8075个图像:
开始处理第8076个图像:
开始处理第8077个图像:
开始处理第8078个图像:
开始处理第8079个图像:
开始处理第8080个图像:
开始处理第8081个图像:
开始处理第8082个图像:
开始处理第8083个图像:
开始处理第8084个图像:
开始处理第8085个图像:
开始处理第8086个图像:
开始处理第8087个图像:
开始处理第8088个图像:
开始处理第8089个图像:
开始处理第8090个图像:
开始处理第8091个图像:
开始处理第8092个图像:
开始处理第8093个图像:
开始处理第8094个图像:
开始处理第8095个图像:
开始处理第8096个图像:
开始处理第8097个图像:
开始处理第8098个图像:
开始处理第8099个图像:
开始处理第8100个图像:
开始处理第8101个图像:
开始处理第8102个图像:
开始处理第8103个图像:
开始处理第8104个图像:
开始处理第8105个图像:
开始处理第8106个图像:
开始处理第8107个图像:
开始处理第8108个图像:
开始处理第8109个图像:
开始处理第8110个图像:
开始处理第8111个图像:
开始处理第8112个图像:
开始处理第8113个图像:
开始处理第8114个图像:
开始处理第8115个图像:
开始处理第8116个图像:
开始处理第8117个图像:
开始处理第8118个图像:
开始处理第8119个图像:
开始处理第8120个图像:
开始处理第8121个图像:
开始处理第8122个图像:
开始处理第8123个图像:
开始处理第8124个图像:
开始处理第8125个图像:
开始处理第8126个图像:
开始处理第8127个图像:
开始处理第8128个图像:
开始处理第8129个图像:
开始处理第8130个图像:
开始处理第8131个图像:
开始处理第8132个图像:
开始处理第8133个图像:
开始处理第8134个图像:
开始处理第8135个图像:
开始处理第8136个图像:
开始处理第8137个图像:
开始处理第8138个图像:
开始处理第8139个图像:
开始处理第8140个图像:
开始处理第8141个图像:
开始处理第8142个图像:
开始处理第8143个图像:
开始处理第8144个图像:
开始处理第8145个图像:
开始处理第8146个图像:
开始处理第8147个图像:
开始处理第8148个图像:
开始处理第8149个图像:
开始处理第8150个图像:
开始处理第8151个图像:
开始处理第8152个图像:
开始处理第8153个图像:
开始处理第8154个图像:
开始处理第8155个图像:
开始处理第8156个图像:
开始处理第8157个图像:
开始处理第8158个图像:
开始处理第8159个图像:
开始处理第8160个图像:
开始处理第8161个图像:
开始处理第8162个图像:
开始处理第8163个图像:
开始处理第8164个图像:
开始处理第8165个图像:
开始处理第8166个图像:
开始处理第8167个图像:
开始处理第8168个图像:
开始处理第8169个图像:
开始处理第8170个图像:
开始处理第8171个图像:
开始处理第8172个图像:
开始处理第8173个图像:
开始处理第8174个图像:
开始处理第8175个图像:
开始处理第8176个图像:
开始处理第8177个图像:
开始处理第8178个图像:
开始处理第8179个图像:
开始处理第8180个图像:
开始处理第8181个图像:
开始处理第8182个图像:
开始处理第8183个图像:
开始处理第8184个图像:
开始处理第8185个图像:
开始处理第8186个图像:
开始处理第8187个图像:
开始处理第8188个图像:
开始处理第8189个图像:
开始处理第8190个图像:
开始处理第8191个图像:
开始处理第8192个图像:
开始处理第8193个图像:
开始处理第8194个图像:
开始处理第8195个图像:
开始处理第8196个图像:
开始处理第8197个图像:
开始处理第8198个图像:
开始处理第8199个图像:
开始处理第8200个图像:
开始处理第8201个图像:
开始处理第8202个图像:
开始处理第8203个图像:
开始处理第8204个图像:
开始处理第8205个图像:
开始处理第8206个图像:
开始处理第8207个图像:
开始处理第8208个图像:
开始处理第8209个图像:
开始处理第8210个图像:
开始处理第8211个图像:
开始处理第8212个图像:
开始处理第8213个图像:
开始处理第8214个图像:
开始处理第8215个图像:
开始处理第8216个图像:
开始处理第8217个图像:
开始处理第8218个图像:
开始处理第8219个图像:
开始处理第8220个图像:
开始处理第8221个图像:
开始处理第8222个图像:
开始处理第8223个图像:
开始处理第8224个图像:
开始处理第8225个图像:
开始处理第8226个图像:
开始处理第8227个图像:
开始处理第8228个图像:
开始处理第8229个图像:
开始处理第8230个图像:
开始处理第8231个图像:
开始处理第8232个图像:
开始处理第8233个图像:
开始处理第8234个图像:
开始处理第8235个图像:
开始处理第8236个图像:
开始处理第8237个图像:
开始处理第8238个图像:
开始处理第8239个图像:
开始处理第8240个图像:
开始处理第8241个图像:
开始处理第8242个图像:
开始处理第8243个图像:
开始处理第8244个图像:
开始处理第8245个图像:
开始处理第8246个图像:
开始处理第8247个图像:
开始处理第8248个图像:
开始处理第8249个图像:
开始处理第8250个图像:
开始处理第8251个图像:
开始处理第8252个图像:
开始处理第8253个图像:
开始处理第8254个图像:
开始处理第8255个图像:
开始处理第8256个图像:
开始处理第8257个图像:
开始处理第8258个图像:
开始处理第8259个图像:
开始处理第8260个图像:
开始处理第8261个图像:
开始处理第8262个图像:
开始处理第8263个图像:
开始处理第8264个图像:
开始处理第8265个图像:
开始处理第8266个图像:
开始处理第8267个图像:
开始处理第8268个图像:
开始处理第8269个图像:
开始处理第8270个图像:
开始处理第8271个图像:
开始处理第8272个图像:
开始处理第8273个图像:
开始处理第8274个图像:
开始处理第8275个图像:
开始处理第8276个图像:
开始处理第8277个图像:
开始处理第8278个图像:
开始处理第8279个图像:
开始处理第8280个图像:
开始处理第8281个图像:
开始处理第8282个图像:
开始处理第8283个图像:
开始处理第8284个图像:
开始处理第8285个图像:
开始处理第8286个图像:
开始处理第8287个图像:
开始处理第8288个图像:
开始处理第8289个图像:
开始处理第8290个图像:
开始处理第8291个图像:
开始处理第8292个图像:
开始处理第8293个图像:
开始处理第8294个图像:
开始处理第8295个图像:
开始处理第8296个图像:
开始处理第8297个图像:
开始处理第8298个图像:
开始处理第8299个图像:
开始处理第8300个图像:
开始处理第8301个图像:
开始处理第8302个图像:
开始处理第8303个图像:
开始处理第8304个图像:
开始处理第8305个图像:
开始处理第8306个图像:
开始处理第8307个图像:
开始处理第8308个图像:
开始处理第8309个图像:
开始处理第8310个图像:
开始处理第8311个图像:
开始处理第8312个图像:
开始处理第8313个图像:
开始处理第8314个图像:
开始处理第8315个图像:
开始处理第8316个图像:
开始处理第8317个图像:
开始处理第8318个图像:
开始处理第8319个图像:
开始处理第8320个图像:
开始处理第8321个图像:
开始处理第8322个图像:
开始处理第8323个图像:
开始处理第8324个图像:
开始处理第8325个图像:
开始处理第8326个图像:
开始处理第8327个图像:
开始处理第8328个图像:
开始处理第8329个图像:
开始处理第8330个图像:
开始处理第8331个图像:
开始处理第8332个图像:
开始处理第8333个图像:
开始处理第8334个图像:
开始处理第8335个图像:
开始处理第8336个图像:
开始处理第8337个图像:
开始处理第8338个图像:
开始处理第8339个图像:
开始处理第8340个图像:
开始处理第8341个图像:
开始处理第8342个图像:
开始处理第8343个图像:
开始处理第8344个图像:
开始处理第8345个图像:
开始处理第8346个图像:
开始处理第8347个图像:
开始处理第8348个图像:
开始处理第8349个图像:
开始处理第8350个图像:
开始处理第8351个图像:
开始处理第8352个图像:
开始处理第8353个图像:
开始处理第8354个图像:
开始处理第8355个图像:
开始处理第8356个图像:
开始处理第8357个图像:
开始处理第8358个图像:
开始处理第8359个图像:
开始处理第8360个图像:
开始处理第8361个图像:
开始处理第8362个图像:
开始处理第8363个图像:
开始处理第8364个图像:
开始处理第8365个图像:
开始处理第8366个图像:
开始处理第8367个图像:
开始处理第8368个图像:
开始处理第8369个图像:
开始处理第8370个图像:
开始处理第8371个图像:
开始处理第8372个图像:
开始处理第8373个图像:
开始处理第8374个图像:
开始处理第8375个图像:
开始处理第8376个图像:
开始处理第8377个图像:
开始处理第8378个图像:
开始处理第8379个图像:
开始处理第8380个图像:
开始处理第8381个图像:
开始处理第8382个图像:
开始处理第8383个图像:
开始处理第8384个图像:
开始处理第8385个图像:
开始处理第8386个图像:
开始处理第8387个图像:
开始处理第8388个图像:
开始处理第8389个图像:
开始处理第8390个图像:
开始处理第8391个图像:
开始处理第8392个图像:
开始处理第8393个图像:
开始处理第8394个图像:
开始处理第8395个图像:
开始处理第8396个图像:
开始处理第8397个图像:
开始处理第8398个图像:
开始处理第8399个图像:
开始处理第8400个图像:
开始处理第8401个图像:
开始处理第8402个图像:
开始处理第8403个图像:
开始处理第8404个图像:
开始处理第8405个图像:
开始处理第8406个图像:
开始处理第8407个图像:
开始处理第8408个图像:
开始处理第8409个图像:
开始处理第8410个图像:
开始处理第8411个图像:
开始处理第8412个图像:
开始处理第8413个图像:
开始处理第8414个图像:
开始处理第8415个图像:
开始处理第8416个图像:
开始处理第8417个图像:
开始处理第8418个图像:
开始处理第8419个图像:
开始处理第8420个图像:
开始处理第8421个图像:
开始处理第8422个图像:
开始处理第8423个图像:
开始处理第8424个图像:
开始处理第8425个图像:
开始处理第8426个图像:
开始处理第8427个图像:
开始处理第8428个图像:
开始处理第8429个图像:
开始处理第8430个图像:
开始处理第8431个图像:
开始处理第8432个图像:
开始处理第8433个图像:
开始处理第8434个图像:
开始处理第8435个图像:
开始处理第8436个图像:
开始处理第8437个图像:
开始处理第8438个图像:
开始处理第8439个图像:
开始处理第8440个图像:
开始处理第8441个图像:
开始处理第8442个图像:
开始处理第8443个图像:
开始处理第8444个图像:
开始处理第8445个图像:
开始处理第8446个图像:
开始处理第8447个图像:
开始处理第8448个图像:
开始处理第8449个图像:
开始处理第8450个图像:
开始处理第8451个图像:
开始处理第8452个图像:
开始处理第8453个图像:
开始处理第8454个图像:
开始处理第8455个图像:
开始处理第8456个图像:
开始处理第8457个图像:
开始处理第8458个图像:
开始处理第8459个图像:
开始处理第8460个图像:
开始处理第8461个图像:
开始处理第8462个图像:
开始处理第8463个图像:
开始处理第8464个图像:
开始处理第8465个图像:
开始处理第8466个图像:
开始处理第8467个图像:
开始处理第8468个图像:
开始处理第8469个图像:
开始处理第8470个图像:
开始处理第8471个图像:
开始处理第8472个图像:
开始处理第8473个图像:
开始处理第8474个图像:
开始处理第8475个图像:
开始处理第8476个图像:
开始处理第8477个图像:
开始处理第8478个图像:
开始处理第8479个图像:
开始处理第8480个图像:
开始处理第8481个图像:
开始处理第8482个图像:
开始处理第8483个图像:
开始处理第8484个图像:
开始处理第8485个图像:
开始处理第8486个图像:
开始处理第8487个图像:
开始处理第8488个图像:
开始处理第8489个图像:
开始处理第8490个图像:
开始处理第8491个图像:
开始处理第8492个图像:
开始处理第8493个图像:
开始处理第8494个图像:
开始处理第8495个图像:
开始处理第8496个图像:
开始处理第8497个图像:
开始处理第8498个图像:
开始处理第8499个图像:
开始处理第8500个图像:
开始处理第8501个图像:
开始处理第8502个图像:
开始处理第8503个图像:
开始处理第8504个图像:
开始处理第8505个图像:
开始处理第8506个图像:
开始处理第8507个图像:
开始处理第8508个图像:
开始处理第8509个图像:
开始处理第8510个图像:
开始处理第8511个图像:
开始处理第8512个图像:
开始处理第8513个图像:
开始处理第8514个图像:
开始处理第8515个图像:
开始处理第8516个图像:
开始处理第8517个图像:
开始处理第8518个图像:
开始处理第8519个图像:
开始处理第8520个图像:
开始处理第8521个图像:
开始处理第8522个图像:
开始处理第8523个图像:
开始处理第8524个图像:
开始处理第8525个图像:
开始处理第8526个图像:
开始处理第8527个图像:
开始处理第8528个图像:
开始处理第8529个图像:
开始处理第8530个图像:
开始处理第8531个图像:
开始处理第8532个图像:
开始处理第8533个图像:
开始处理第8534个图像:
开始处理第8535个图像:
开始处理第8536个图像:
开始处理第8537个图像:
开始处理第8538个图像:
开始处理第8539个图像:
开始处理第8540个图像:
开始处理第8541个图像:
开始处理第8542个图像:
开始处理第8543个图像:
开始处理第8544个图像:
开始处理第8545个图像:
开始处理第8546个图像:
开始处理第8547个图像:
开始处理第8548个图像:
开始处理第8549个图像:
开始处理第8550个图像:
开始处理第8551个图像:
开始处理第8552个图像:
开始处理第8553个图像:
开始处理第8554个图像:
开始处理第8555个图像:
开始处理第8556个图像:
开始处理第8557个图像:
开始处理第8558个图像:
开始处理第8559个图像:
开始处理第8560个图像:
开始处理第8561个图像:
开始处理第8562个图像:
开始处理第8563个图像:
开始处理第8564个图像:
开始处理第8565个图像:
开始处理第8566个图像:
开始处理第8567个图像:
开始处理第8568个图像:
开始处理第8569个图像:
开始处理第8570个图像:
开始处理第8571个图像:
开始处理第8572个图像:
开始处理第8573个图像:
开始处理第8574个图像:
开始处理第8575个图像:
开始处理第8576个图像:
开始处理第8577个图像:
开始处理第8578个图像:
开始处理第8579个图像:
开始处理第8580个图像:
开始处理第8581个图像:
开始处理第8582个图像:
开始处理第8583个图像:
开始处理第8584个图像:
开始处理第8585个图像:
开始处理第8586个图像:
开始处理第8587个图像:
开始处理第8588个图像:
开始处理第8589个图像:
开始处理第8590个图像:
开始处理第8591个图像:
开始处理第8592个图像:
开始处理第8593个图像:
开始处理第8594个图像:
开始处理第8595个图像:
开始处理第8596个图像:
开始处理第8597个图像:
开始处理第8598个图像:
开始处理第8599个图像:
开始处理第8600个图像:
开始处理第8601个图像:
开始处理第8602个图像:
开始处理第8603个图像:
开始处理第8604个图像:
开始处理第8605个图像:
开始处理第8606个图像:
开始处理第8607个图像:
开始处理第8608个图像:
开始处理第8609个图像:
开始处理第8610个图像:
开始处理第8611个图像:
开始处理第8612个图像:
开始处理第8613个图像:
开始处理第8614个图像:
开始处理第8615个图像:
开始处理第8616个图像:
开始处理第8617个图像:
开始处理第8618个图像:
开始处理第8619个图像:
开始处理第8620个图像:
开始处理第8621个图像:
开始处理第8622个图像:
开始处理第8623个图像:
开始处理第8624个图像:
开始处理第8625个图像:
开始处理第8626个图像:
开始处理第8627个图像:
开始处理第8628个图像:
开始处理第8629个图像:
开始处理第8630个图像:
开始处理第8631个图像:
开始处理第8632个图像:
开始处理第8633个图像:
开始处理第8634个图像:
开始处理第8635个图像:
开始处理第8636个图像:
开始处理第8637个图像:
开始处理第8638个图像:
开始处理第8639个图像:
开始处理第8640个图像:
开始处理第8641个图像:
开始处理第8642个图像:
开始处理第8643个图像:
开始处理第8644个图像:
开始处理第8645个图像:
开始处理第8646个图像:
开始处理第8647个图像:
开始处理第8648个图像:
开始处理第8649个图像:
开始处理第8650个图像:
开始处理第8651个图像:
开始处理第8652个图像:
开始处理第8653个图像:
开始处理第8654个图像:
开始处理第8655个图像:
开始处理第8656个图像:
开始处理第8657个图像:
开始处理第8658个图像:
开始处理第8659个图像:
开始处理第8660个图像:
开始处理第8661个图像:
开始处理第8662个图像:
开始处理第8663个图像:
开始处理第8664个图像:
开始处理第8665个图像:
开始处理第8666个图像:
开始处理第8667个图像:
开始处理第8668个图像:
开始处理第8669个图像:
开始处理第8670个图像:
开始处理第8671个图像:
开始处理第8672个图像:
开始处理第8673个图像:
开始处理第8674个图像:
开始处理第8675个图像:
开始处理第8676个图像:
开始处理第8677个图像:
开始处理第8678个图像:
开始处理第8679个图像:
开始处理第8680个图像:
开始处理第8681个图像:
开始处理第8682个图像:
开始处理第8683个图像:
开始处理第8684个图像:
开始处理第8685个图像:
开始处理第8686个图像:
开始处理第8687个图像:
开始处理第8688个图像:
开始处理第8689个图像:
开始处理第8690个图像:
开始处理第8691个图像:
开始处理第8692个图像:
开始处理第8693个图像:
开始处理第8694个图像:
开始处理第8695个图像:
开始处理第8696个图像:
开始处理第8697个图像:
开始处理第8698个图像:
开始处理第8699个图像:
开始处理第8700个图像:
开始处理第8701个图像:
开始处理第8702个图像:
开始处理第8703个图像:
开始处理第8704个图像:
开始处理第8705个图像:
开始处理第8706个图像:
开始处理第8707个图像:
开始处理第8708个图像:
开始处理第8709个图像:
开始处理第8710个图像:
开始处理第8711个图像:
开始处理第8712个图像:
开始处理第8713个图像:
开始处理第8714个图像:
开始处理第8715个图像:
开始处理第8716个图像:
开始处理第8717个图像:
开始处理第8718个图像:
开始处理第8719个图像:
开始处理第8720个图像:
开始处理第8721个图像:
开始处理第8722个图像:
开始处理第8723个图像:
开始处理第8724个图像:
开始处理第8725个图像:
开始处理第8726个图像:
开始处理第8727个图像:
开始处理第8728个图像:
开始处理第8729个图像:
开始处理第8730个图像:
开始处理第8731个图像:
开始处理第8732个图像:
开始处理第8733个图像:
开始处理第8734个图像:
开始处理第8735个图像:
开始处理第8736个图像:
开始处理第8737个图像:
开始处理第8738个图像:
开始处理第8739个图像:
开始处理第8740个图像:
开始处理第8741个图像:
开始处理第8742个图像:
开始处理第8743个图像:
开始处理第8744个图像:
开始处理第8745个图像:
开始处理第8746个图像:
开始处理第8747个图像:
开始处理第8748个图像:
开始处理第8749个图像:
开始处理第8750个图像:
开始处理第8751个图像:
开始处理第8752个图像:
开始处理第8753个图像:
开始处理第8754个图像:
开始处理第8755个图像:
开始处理第8756个图像:
开始处理第8757个图像:
开始处理第8758个图像:
开始处理第8759个图像:
开始处理第8760个图像:
开始处理第8761个图像:
开始处理第8762个图像:
开始处理第8763个图像:
开始处理第8764个图像:
开始处理第8765个图像:
开始处理第8766个图像:
开始处理第8767个图像:
开始处理第8768个图像:
开始处理第8769个图像:
开始处理第8770个图像:
开始处理第8771个图像:
开始处理第8772个图像:
开始处理第8773个图像:
开始处理第8774个图像:
开始处理第8775个图像:
开始处理第8776个图像:
开始处理第8777个图像:
开始处理第8778个图像:
开始处理第8779个图像:
开始处理第8780个图像:
开始处理第8781个图像:
开始处理第8782个图像:
开始处理第8783个图像:
开始处理第8784个图像:
开始处理第8785个图像:
开始处理第8786个图像:
开始处理第8787个图像:
开始处理第8788个图像:
开始处理第8789个图像:
开始处理第8790个图像:
开始处理第8791个图像:
开始处理第8792个图像:
开始处理第8793个图像:
开始处理第8794个图像:
开始处理第8795个图像:
开始处理第8796个图像:
开始处理第8797个图像:
开始处理第8798个图像:
开始处理第8799个图像:
开始处理第8800个图像:
开始处理第8801个图像:
开始处理第8802个图像:
开始处理第8803个图像:
开始处理第8804个图像:
开始处理第8805个图像:
开始处理第8806个图像:
开始处理第8807个图像:
开始处理第8808个图像:
开始处理第8809个图像:
开始处理第8810个图像:
开始处理第8811个图像:
开始处理第8812个图像:
开始处理第8813个图像:
开始处理第8814个图像:
开始处理第8815个图像:
开始处理第8816个图像:
开始处理第8817个图像:
开始处理第8818个图像:
开始处理第8819个图像:
开始处理第8820个图像:
开始处理第8821个图像:
开始处理第8822个图像:
开始处理第8823个图像:
开始处理第8824个图像:
开始处理第8825个图像:
开始处理第8826个图像:
开始处理第8827个图像:
开始处理第8828个图像:
开始处理第8829个图像:
开始处理第8830个图像:
开始处理第8831个图像:
开始处理第8832个图像:
开始处理第8833个图像:
开始处理第8834个图像:
开始处理第8835个图像:
开始处理第8836个图像:
开始处理第8837个图像:
开始处理第8838个图像:
开始处理第8839个图像:
开始处理第8840个图像:
开始处理第8841个图像:
开始处理第8842个图像:
开始处理第8843个图像:
开始处理第8844个图像:
开始处理第8845个图像:
开始处理第8846个图像:
开始处理第8847个图像:
开始处理第8848个图像:
开始处理第8849个图像:
开始处理第8850个图像:
开始处理第8851个图像:
开始处理第8852个图像:
开始处理第8853个图像:
开始处理第8854个图像:
开始处理第8855个图像:
开始处理第8856个图像:
开始处理第8857个图像:
开始处理第8858个图像:
开始处理第8859个图像:
开始处理第8860个图像:
开始处理第8861个图像:
开始处理第8862个图像:
开始处理第8863个图像:
开始处理第8864个图像:
开始处理第8865个图像:
开始处理第8866个图像:
开始处理第8867个图像:
开始处理第8868个图像:
开始处理第8869个图像:
开始处理第8870个图像:
开始处理第8871个图像:
开始处理第8872个图像:
开始处理第8873个图像:
开始处理第8874个图像:
开始处理第8875个图像:
开始处理第8876个图像:
开始处理第8877个图像:
开始处理第8878个图像:
开始处理第8879个图像:
开始处理第8880个图像:
开始处理第8881个图像:
开始处理第8882个图像:
开始处理第8883个图像:
开始处理第8884个图像:
开始处理第8885个图像:
开始处理第8886个图像:
开始处理第8887个图像:
开始处理第8888个图像:
开始处理第8889个图像:
开始处理第8890个图像:
开始处理第8891个图像:
开始处理第8892个图像:
开始处理第8893个图像:
开始处理第8894个图像:
开始处理第8895个图像:
开始处理第8896个图像:
开始处理第8897个图像:
开始处理第8898个图像:
开始处理第8899个图像:
开始处理第8900个图像:
开始处理第8901个图像:
开始处理第8902个图像:
开始处理第8903个图像:
开始处理第8904个图像:
开始处理第8905个图像:
开始处理第8906个图像:
开始处理第8907个图像:
开始处理第8908个图像:
开始处理第8909个图像:
开始处理第8910个图像:
开始处理第8911个图像:
开始处理第8912个图像:
开始处理第8913个图像:
开始处理第8914个图像:
开始处理第8915个图像:
开始处理第8916个图像:
开始处理第8917个图像:
开始处理第8918个图像:
开始处理第8919个图像:
开始处理第8920个图像:
开始处理第8921个图像:
开始处理第8922个图像:
开始处理第8923个图像:
开始处理第8924个图像:
开始处理第8925个图像:
开始处理第8926个图像:
开始处理第8927个图像:
开始处理第8928个图像:
开始处理第8929个图像:
开始处理第8930个图像:
开始处理第8931个图像:
开始处理第8932个图像:
开始处理第8933个图像:
开始处理第8934个图像:
开始处理第8935个图像:
开始处理第8936个图像:
开始处理第8937个图像:
开始处理第8938个图像:
开始处理第8939个图像:
开始处理第8940个图像:
开始处理第8941个图像:
开始处理第8942个图像:
开始处理第8943个图像:
开始处理第8944个图像:
开始处理第8945个图像:
开始处理第8946个图像:
开始处理第8947个图像:
开始处理第8948个图像:
开始处理第8949个图像:
开始处理第8950个图像:
开始处理第8951个图像:
开始处理第8952个图像:
开始处理第8953个图像:
开始处理第8954个图像:
开始处理第8955个图像:
开始处理第8956个图像:
开始处理第8957个图像:
开始处理第8958个图像:
开始处理第8959个图像:
开始处理第8960个图像:
开始处理第8961个图像:
开始处理第8962个图像:
开始处理第8963个图像:
开始处理第8964个图像:
开始处理第8965个图像:
开始处理第8966个图像:
开始处理第8967个图像:
开始处理第8968个图像:
开始处理第8969个图像:
开始处理第8970个图像:
开始处理第8971个图像:
开始处理第8972个图像:
开始处理第8973个图像:
开始处理第8974个图像:
开始处理第8975个图像:
开始处理第8976个图像:
开始处理第8977个图像:
开始处理第8978个图像:
开始处理第8979个图像:
开始处理第8980个图像:
开始处理第8981个图像:
开始处理第8982个图像:
开始处理第8983个图像:
开始处理第8984个图像:
开始处理第8985个图像:
开始处理第8986个图像:
开始处理第8987个图像:
开始处理第8988个图像:
开始处理第8989个图像:
开始处理第8990个图像:
开始处理第8991个图像:
开始处理第8992个图像:
开始处理第8993个图像:
开始处理第8994个图像:
开始处理第8995个图像:
开始处理第8996个图像:
开始处理第8997个图像:
开始处理第8998个图像:
开始处理第8999个图像:
开始处理第9000个图像:
开始处理第9001个图像:
开始处理第9002个图像:
开始处理第9003个图像:
开始处理第9004个图像:
开始处理第9005个图像:
开始处理第9006个图像:
开始处理第9007个图像:
开始处理第9008个图像:
开始处理第9009个图像:
开始处理第9010个图像:
开始处理第9011个图像:
开始处理第9012个图像:
开始处理第9013个图像:
开始处理第9014个图像:
开始处理第9015个图像:
开始处理第9016个图像:
开始处理第9017个图像:
开始处理第9018个图像:
开始处理第9019个图像:
开始处理第9020个图像:
开始处理第9021个图像:
开始处理第9022个图像:
开始处理第9023个图像:
开始处理第9024个图像:
开始处理第9025个图像:
开始处理第9026个图像:
开始处理第9027个图像:
开始处理第9028个图像:
开始处理第9029个图像:
开始处理第9030个图像:
开始处理第9031个图像:
开始处理第9032个图像:
开始处理第9033个图像:
开始处理第9034个图像:
开始处理第9035个图像:
开始处理第9036个图像:
开始处理第9037个图像:
开始处理第9038个图像:
开始处理第9039个图像:
开始处理第9040个图像:
开始处理第9041个图像:
开始处理第9042个图像:
开始处理第9043个图像:
开始处理第9044个图像:
开始处理第9045个图像:
开始处理第9046个图像:
开始处理第9047个图像:
开始处理第9048个图像:
开始处理第9049个图像:
开始处理第9050个图像:
开始处理第9051个图像:
开始处理第9052个图像:
开始处理第9053个图像:
开始处理第9054个图像:
开始处理第9055个图像:
开始处理第9056个图像:
开始处理第9057个图像:
开始处理第9058个图像:
开始处理第9059个图像:
开始处理第9060个图像:
开始处理第9061个图像:
开始处理第9062个图像:
开始处理第9063个图像:
开始处理第9064个图像:
开始处理第9065个图像:
开始处理第9066个图像:
开始处理第9067个图像:
开始处理第9068个图像:
开始处理第9069个图像:
开始处理第9070个图像:
开始处理第9071个图像:
开始处理第9072个图像:
开始处理第9073个图像:
开始处理第9074个图像:
开始处理第9075个图像:
开始处理第9076个图像:
开始处理第9077个图像:
开始处理第9078个图像:
开始处理第9079个图像:
开始处理第9080个图像:
开始处理第9081个图像:
开始处理第9082个图像:
开始处理第9083个图像:
开始处理第9084个图像:
开始处理第9085个图像:
开始处理第9086个图像:
开始处理第9087个图像:
开始处理第9088个图像:
开始处理第9089个图像:
开始处理第9090个图像:
开始处理第9091个图像:
开始处理第9092个图像:
开始处理第9093个图像:
开始处理第9094个图像:
开始处理第9095个图像:
开始处理第9096个图像:
开始处理第9097个图像:
开始处理第9098个图像:
开始处理第9099个图像:
开始处理第9100个图像:
开始处理第9101个图像:
开始处理第9102个图像:
开始处理第9103个图像:
开始处理第9104个图像:
开始处理第9105个图像:
开始处理第9106个图像:
开始处理第9107个图像:
开始处理第9108个图像:
开始处理第9109个图像:
开始处理第9110个图像:
开始处理第9111个图像:
开始处理第9112个图像:
开始处理第9113个图像:
开始处理第9114个图像:
开始处理第9115个图像:
开始处理第9116个图像:
开始处理第9117个图像:
开始处理第9118个图像:
开始处理第9119个图像:
开始处理第9120个图像:
开始处理第9121个图像:
开始处理第9122个图像:
开始处理第9123个图像:
开始处理第9124个图像:
开始处理第9125个图像:
开始处理第9126个图像:
开始处理第9127个图像:
开始处理第9128个图像:
开始处理第9129个图像:
开始处理第9130个图像:
开始处理第9131个图像:
开始处理第9132个图像:
开始处理第9133个图像:
开始处理第9134个图像:
开始处理第9135个图像:
开始处理第9136个图像:
开始处理第9137个图像:
开始处理第9138个图像:
开始处理第9139个图像:
开始处理第9140个图像:
开始处理第9141个图像:
开始处理第9142个图像:
开始处理第9143个图像:
开始处理第9144个图像:
开始处理第9145个图像:
开始处理第9146个图像:
开始处理第9147个图像:
开始处理第9148个图像:
开始处理第9149个图像:
开始处理第9150个图像:
开始处理第9151个图像:
开始处理第9152个图像:
开始处理第9153个图像:
开始处理第9154个图像:
开始处理第9155个图像:
开始处理第9156个图像:
开始处理第9157个图像:
开始处理第9158个图像:
开始处理第9159个图像:
开始处理第9160个图像:
开始处理第9161个图像:
开始处理第9162个图像:
开始处理第9163个图像:
开始处理第9164个图像:
开始处理第9165个图像:
开始处理第9166个图像:
开始处理第9167个图像:
开始处理第9168个图像:
开始处理第9169个图像:
开始处理第9170个图像:
开始处理第9171个图像:
开始处理第9172个图像:
开始处理第9173个图像:
开始处理第9174个图像:
开始处理第9175个图像:
开始处理第9176个图像:
开始处理第9177个图像:
开始处理第9178个图像:
开始处理第9179个图像:
开始处理第9180个图像:
开始处理第9181个图像:
开始处理第9182个图像:
开始处理第9183个图像:
开始处理第9184个图像:
开始处理第9185个图像:
开始处理第9186个图像:
开始处理第9187个图像:
开始处理第9188个图像:
开始处理第9189个图像:
开始处理第9190个图像:
开始处理第9191个图像:
开始处理第9192个图像:
开始处理第9193个图像:
开始处理第9194个图像:
开始处理第9195个图像:
开始处理第9196个图像:
开始处理第9197个图像:
开始处理第9198个图像:
开始处理第9199个图像:
开始处理第9200个图像:
开始处理第9201个图像:
开始处理第9202个图像:
开始处理第9203个图像:
开始处理第9204个图像:
开始处理第9205个图像:
开始处理第9206个图像:
开始处理第9207个图像:
开始处理第9208个图像:
开始处理第9209个图像:
开始处理第9210个图像:
开始处理第9211个图像:
开始处理第9212个图像:
开始处理第9213个图像:
开始处理第9214个图像:
开始处理第9215个图像:
开始处理第9216个图像:
开始处理第9217个图像:
开始处理第9218个图像:
开始处理第9219个图像:
开始处理第9220个图像:
开始处理第9221个图像:
开始处理第9222个图像:
开始处理第9223个图像:
开始处理第9224个图像:
开始处理第9225个图像:
开始处理第9226个图像:
开始处理第9227个图像:
开始处理第9228个图像:
开始处理第9229个图像:
开始处理第9230个图像:
开始处理第9231个图像:
开始处理第9232个图像:
开始处理第9233个图像:
开始处理第9234个图像:
开始处理第9235个图像:
开始处理第9236个图像:
开始处理第9237个图像:
开始处理第9238个图像:
开始处理第9239个图像:
开始处理第9240个图像:
开始处理第9241个图像:
开始处理第9242个图像:
开始处理第9243个图像:
开始处理第9244个图像:
开始处理第9245个图像:
开始处理第9246个图像:
开始处理第9247个图像:
开始处理第9248个图像:
开始处理第9249个图像:
开始处理第9250个图像:
开始处理第9251个图像:
开始处理第9252个图像:
开始处理第9253个图像:
开始处理第9254个图像:
开始处理第9255个图像:
开始处理第9256个图像:
开始处理第9257个图像:
开始处理第9258个图像:
开始处理第9259个图像:
开始处理第9260个图像:
开始处理第9261个图像:
开始处理第9262个图像:
开始处理第9263个图像:
开始处理第9264个图像:
开始处理第9265个图像:
开始处理第9266个图像:
开始处理第9267个图像:
开始处理第9268个图像:
开始处理第9269个图像:
开始处理第9270个图像:
开始处理第9271个图像:
开始处理第9272个图像:
开始处理第9273个图像:
开始处理第9274个图像:
开始处理第9275个图像:
开始处理第9276个图像:
开始处理第9277个图像:
开始处理第9278个图像:
开始处理第9279个图像:
开始处理第9280个图像:
开始处理第9281个图像:
开始处理第9282个图像:
开始处理第9283个图像:
开始处理第9284个图像:
开始处理第9285个图像:
开始处理第9286个图像:
开始处理第9287个图像:
开始处理第9288个图像:
开始处理第9289个图像:
开始处理第9290个图像:
开始处理第9291个图像:
开始处理第9292个图像:
开始处理第9293个图像:
开始处理第9294个图像:
开始处理第9295个图像:
开始处理第9296个图像:
开始处理第9297个图像:
开始处理第9298个图像:
开始处理第9299个图像:
开始处理第9300个图像:
开始处理第9301个图像:
开始处理第9302个图像:
开始处理第9303个图像:
开始处理第9304个图像:
开始处理第9305个图像:
开始处理第9306个图像:
开始处理第9307个图像:
开始处理第9308个图像:
开始处理第9309个图像:
开始处理第9310个图像:
开始处理第9311个图像:
开始处理第9312个图像:
开始处理第9313个图像:
开始处理第9314个图像:
开始处理第9315个图像:
开始处理第9316个图像:
开始处理第9317个图像:
开始处理第9318个图像:
开始处理第9319个图像:
开始处理第9320个图像:
开始处理第9321个图像:
开始处理第9322个图像:
开始处理第9323个图像:
开始处理第9324个图像:
开始处理第9325个图像:
开始处理第9326个图像:
开始处理第9327个图像:
开始处理第9328个图像:
开始处理第9329个图像:
开始处理第9330个图像:
开始处理第9331个图像:
开始处理第9332个图像:
开始处理第9333个图像:
开始处理第9334个图像:
开始处理第9335个图像:
开始处理第9336个图像:
开始处理第9337个图像:
开始处理第9338个图像:
开始处理第9339个图像:
开始处理第9340个图像:
开始处理第9341个图像:
开始处理第9342个图像:
开始处理第9343个图像:
开始处理第9344个图像:
开始处理第9345个图像:
开始处理第9346个图像:
开始处理第9347个图像:
开始处理第9348个图像:
开始处理第9349个图像:
开始处理第9350个图像:
开始处理第9351个图像:
开始处理第9352个图像:
开始处理第9353个图像:
开始处理第9354个图像:
开始处理第9355个图像:
开始处理第9356个图像:
开始处理第9357个图像:
开始处理第9358个图像:
开始处理第9359个图像:
开始处理第9360个图像:
开始处理第9361个图像:
开始处理第9362个图像:
开始处理第9363个图像:
开始处理第9364个图像:
开始处理第9365个图像:
开始处理第9366个图像:
开始处理第9367个图像:
开始处理第9368个图像:
开始处理第9369个图像:
开始处理第9370个图像:
开始处理第9371个图像:
开始处理第9372个图像:
开始处理第9373个图像:
开始处理第9374个图像:
开始处理第9375个图像:
开始处理第9376个图像:
开始处理第9377个图像:
开始处理第9378个图像:
开始处理第9379个图像:
开始处理第9380个图像:
开始处理第9381个图像:
开始处理第9382个图像:
开始处理第9383个图像:
开始处理第9384个图像:
开始处理第9385个图像:
开始处理第9386个图像:
开始处理第9387个图像:
开始处理第9388个图像:
开始处理第9389个图像:
开始处理第9390个图像:
开始处理第9391个图像:
开始处理第9392个图像:
开始处理第9393个图像:
开始处理第9394个图像:
开始处理第9395个图像:
开始处理第9396个图像:
开始处理第9397个图像:
开始处理第9398个图像:
开始处理第9399个图像:
开始处理第9400个图像:
开始处理第9401个图像:
开始处理第9402个图像:
开始处理第9403个图像:
开始处理第9404个图像:
开始处理第9405个图像:
开始处理第9406个图像:
开始处理第9407个图像:
开始处理第9408个图像:
开始处理第9409个图像:
开始处理第9410个图像:
开始处理第9411个图像:
开始处理第9412个图像:
开始处理第9413个图像:
开始处理第9414个图像:
开始处理第9415个图像:
开始处理第9416个图像:
开始处理第9417个图像:
开始处理第9418个图像:
开始处理第9419个图像:
开始处理第9420个图像:
开始处理第9421个图像:
开始处理第9422个图像:
开始处理第9423个图像:
开始处理第9424个图像:
开始处理第9425个图像:
开始处理第9426个图像:
开始处理第9427个图像:
开始处理第9428个图像:
开始处理第9429个图像:
开始处理第9430个图像:
开始处理第9431个图像:
开始处理第9432个图像:
开始处理第9433个图像:
开始处理第9434个图像:
开始处理第9435个图像:
开始处理第9436个图像:
开始处理第9437个图像:
开始处理第9438个图像:
开始处理第9439个图像:
开始处理第9440个图像:
开始处理第9441个图像:
开始处理第9442个图像:
开始处理第9443个图像:
开始处理第9444个图像:
开始处理第9445个图像:
开始处理第9446个图像:
开始处理第9447个图像:
开始处理第9448个图像:
开始处理第9449个图像:
开始处理第9450个图像:
开始处理第9451个图像:
开始处理第9452个图像:
开始处理第9453个图像:
开始处理第9454个图像:
开始处理第9455个图像:
开始处理第9456个图像:
开始处理第9457个图像:
开始处理第9458个图像:
开始处理第9459个图像:
开始处理第9460个图像:
开始处理第9461个图像:
开始处理第9462个图像:
开始处理第9463个图像:
开始处理第9464个图像:
开始处理第9465个图像:
开始处理第9466个图像:
开始处理第9467个图像:
开始处理第9468个图像:
开始处理第9469个图像:
开始处理第9470个图像:
开始处理第9471个图像:
开始处理第9472个图像:
开始处理第9473个图像:
开始处理第9474个图像:
开始处理第9475个图像:
开始处理第9476个图像:
开始处理第9477个图像:
开始处理第9478个图像:
开始处理第9479个图像:
开始处理第9480个图像:
开始处理第9481个图像:
开始处理第9482个图像:
开始处理第9483个图像:
开始处理第9484个图像:
开始处理第9485个图像:
开始处理第9486个图像:
开始处理第9487个图像:
开始处理第9488个图像:
开始处理第9489个图像:
开始处理第9490个图像:
开始处理第9491个图像:
开始处理第9492个图像:
开始处理第9493个图像:
开始处理第9494个图像:
开始处理第9495个图像:
开始处理第9496个图像:
开始处理第9497个图像:
开始处理第9498个图像:
开始处理第9499个图像:
开始处理第9500个图像:
开始处理第9501个图像:
开始处理第9502个图像:
开始处理第9503个图像:
开始处理第9504个图像:
开始处理第9505个图像:
开始处理第9506个图像:
开始处理第9507个图像:
开始处理第9508个图像:
开始处理第9509个图像:
开始处理第9510个图像:
开始处理第9511个图像:
开始处理第9512个图像:
开始处理第9513个图像:
开始处理第9514个图像:
开始处理第9515个图像:
开始处理第9516个图像:
开始处理第9517个图像:
开始处理第9518个图像:
开始处理第9519个图像:
开始处理第9520个图像:
开始处理第9521个图像:
开始处理第9522个图像:
开始处理第9523个图像:
开始处理第9524个图像:
开始处理第9525个图像:
开始处理第9526个图像:
开始处理第9527个图像:
开始处理第9528个图像:
开始处理第9529个图像:
开始处理第9530个图像:
开始处理第9531个图像:
开始处理第9532个图像:
开始处理第9533个图像:
开始处理第9534个图像:
开始处理第9535个图像:
开始处理第9536个图像:
开始处理第9537个图像:
开始处理第9538个图像:
开始处理第9539个图像:
开始处理第9540个图像:
开始处理第9541个图像:
开始处理第9542个图像:
开始处理第9543个图像:
开始处理第9544个图像:
开始处理第9545个图像:
开始处理第9546个图像:
开始处理第9547个图像:
开始处理第9548个图像:
开始处理第9549个图像:
开始处理第9550个图像:
开始处理第9551个图像:
开始处理第9552个图像:
开始处理第9553个图像:
开始处理第9554个图像:
开始处理第9555个图像:
开始处理第9556个图像:
开始处理第9557个图像:
开始处理第9558个图像:
开始处理第9559个图像:
开始处理第9560个图像:
开始处理第9561个图像:
开始处理第9562个图像:
开始处理第9563个图像:
开始处理第9564个图像:
开始处理第9565个图像:
开始处理第9566个图像:
开始处理第9567个图像:
开始处理第9568个图像:
开始处理第9569个图像:
开始处理第9570个图像:
开始处理第9571个图像:
开始处理第9572个图像:
开始处理第9573个图像:
开始处理第9574个图像:
开始处理第9575个图像:
开始处理第9576个图像:
开始处理第9577个图像:
开始处理第9578个图像:
开始处理第9579个图像:
开始处理第9580个图像:
开始处理第9581个图像:
开始处理第9582个图像:
开始处理第9583个图像:
开始处理第9584个图像:
开始处理第9585个图像:
开始处理第9586个图像:
开始处理第9587个图像:
开始处理第9588个图像:
开始处理第9589个图像:
开始处理第9590个图像:
开始处理第9591个图像:
开始处理第9592个图像:
开始处理第9593个图像:
开始处理第9594个图像:
开始处理第9595个图像:
开始处理第9596个图像:
开始处理第9597个图像:
开始处理第9598个图像:
开始处理第9599个图像:
开始处理第9600个图像:
开始处理第9601个图像:
开始处理第9602个图像:
开始处理第9603个图像:
开始处理第9604个图像:
开始处理第9605个图像:
开始处理第9606个图像:
开始处理第9607个图像:
开始处理第9608个图像:
开始处理第9609个图像:
开始处理第9610个图像:
开始处理第9611个图像:
开始处理第9612个图像:
开始处理第9613个图像:
开始处理第9614个图像:
开始处理第9615个图像:
开始处理第9616个图像:
开始处理第9617个图像:
开始处理第9618个图像:
开始处理第9619个图像:
开始处理第9620个图像:
开始处理第9621个图像:
开始处理第9622个图像:
开始处理第9623个图像:
开始处理第9624个图像:
开始处理第9625个图像:
开始处理第9626个图像:
开始处理第9627个图像:
开始处理第9628个图像:
开始处理第9629个图像:
开始处理第9630个图像:
开始处理第9631个图像:
开始处理第9632个图像:
开始处理第9633个图像:
开始处理第9634个图像:
开始处理第9635个图像:
开始处理第9636个图像:
开始处理第9637个图像:
开始处理第9638个图像:
开始处理第9639个图像:
开始处理第9640个图像:
开始处理第9641个图像:
开始处理第9642个图像:
开始处理第9643个图像:
开始处理第9644个图像:
开始处理第9645个图像:
开始处理第9646个图像:
开始处理第9647个图像:
开始处理第9648个图像:
开始处理第9649个图像:
开始处理第9650个图像:
开始处理第9651个图像:
开始处理第9652个图像:
开始处理第9653个图像:
开始处理第9654个图像:
开始处理第9655个图像:
开始处理第9656个图像:
开始处理第9657个图像:
开始处理第9658个图像:
开始处理第9659个图像:
开始处理第9660个图像:
开始处理第9661个图像:
开始处理第9662个图像:
开始处理第9663个图像:
开始处理第9664个图像:
开始处理第9665个图像:
开始处理第9666个图像:
开始处理第9667个图像:
开始处理第9668个图像:
开始处理第9669个图像:
开始处理第9670个图像:
开始处理第9671个图像:
开始处理第9672个图像:
开始处理第9673个图像:
开始处理第9674个图像:
开始处理第9675个图像:
开始处理第9676个图像:
开始处理第9677个图像:
开始处理第9678个图像:
开始处理第9679个图像:
开始处理第9680个图像:
开始处理第9681个图像:
开始处理第9682个图像:
开始处理第9683个图像:
开始处理第9684个图像:
开始处理第9685个图像:
开始处理第9686个图像:
开始处理第9687个图像:
开始处理第9688个图像:
开始处理第9689个图像:
开始处理第9690个图像:
开始处理第9691个图像:
开始处理第9692个图像:
开始处理第9693个图像:
开始处理第9694个图像:
开始处理第9695个图像:
开始处理第9696个图像:
开始处理第9697个图像:
开始处理第9698个图像:
开始处理第9699个图像:
开始处理第9700个图像:
开始处理第9701个图像:
开始处理第9702个图像:
开始处理第9703个图像:
开始处理第9704个图像:
开始处理第9705个图像:
开始处理第9706个图像:
开始处理第9707个图像:
开始处理第9708个图像:
开始处理第9709个图像:
开始处理第9710个图像:
开始处理第9711个图像:
开始处理第9712个图像:
开始处理第9713个图像:
开始处理第9714个图像:
开始处理第9715个图像:
开始处理第9716个图像:
开始处理第9717个图像:
开始处理第9718个图像:
开始处理第9719个图像:
开始处理第9720个图像:
开始处理第9721个图像:
开始处理第9722个图像:
开始处理第9723个图像:
开始处理第9724个图像:
开始处理第9725个图像:
开始处理第9726个图像:
开始处理第9727个图像:
开始处理第9728个图像:
开始处理第9729个图像:
开始处理第9730个图像:
开始处理第9731个图像:
开始处理第9732个图像:
开始处理第9733个图像:
开始处理第9734个图像:
开始处理第9735个图像:
开始处理第9736个图像:
开始处理第9737个图像:
开始处理第9738个图像:
开始处理第9739个图像:
开始处理第9740个图像:
开始处理第9741个图像:
开始处理第9742个图像:
开始处理第9743个图像:
开始处理第9744个图像:
开始处理第9745个图像:
开始处理第9746个图像:
开始处理第9747个图像:
开始处理第9748个图像:
开始处理第9749个图像:
开始处理第9750个图像:
开始处理第9751个图像:
开始处理第9752个图像:
开始处理第9753个图像:
开始处理第9754个图像:
开始处理第9755个图像:
开始处理第9756个图像:
开始处理第9757个图像:
开始处理第9758个图像:
开始处理第9759个图像:
开始处理第9760个图像:
开始处理第9761个图像:
开始处理第9762个图像:
开始处理第9763个图像:
开始处理第9764个图像:
开始处理第9765个图像:
开始处理第9766个图像:
开始处理第9767个图像:
开始处理第9768个图像:
开始处理第9769个图像:
开始处理第9770个图像:
开始处理第9771个图像:
开始处理第9772个图像:
开始处理第9773个图像:
开始处理第9774个图像:
开始处理第9775个图像:
开始处理第9776个图像:
开始处理第9777个图像:
开始处理第9778个图像:
开始处理第9779个图像:
开始处理第9780个图像:
开始处理第9781个图像:
开始处理第9782个图像:
开始处理第9783个图像:
开始处理第9784个图像:
开始处理第9785个图像:
开始处理第9786个图像:
开始处理第9787个图像:
开始处理第9788个图像:
开始处理第9789个图像:
开始处理第9790个图像:
开始处理第9791个图像:
开始处理第9792个图像:
开始处理第9793个图像:
开始处理第9794个图像:
开始处理第9795个图像:
开始处理第9796个图像:
开始处理第9797个图像:
开始处理第9798个图像:
开始处理第9799个图像:
开始处理第9800个图像:
开始处理第9801个图像:
开始处理第9802个图像:
开始处理第9803个图像:
开始处理第9804个图像:
开始处理第9805个图像:
开始处理第9806个图像:
开始处理第9807个图像:
开始处理第9808个图像:
开始处理第9809个图像:
开始处理第9810个图像:
开始处理第9811个图像:
开始处理第9812个图像:
开始处理第9813个图像:
开始处理第9814个图像:
开始处理第9815个图像:
开始处理第9816个图像:
开始处理第9817个图像:
开始处理第9818个图像:
开始处理第9819个图像:
开始处理第9820个图像:
开始处理第9821个图像:
开始处理第9822个图像:
开始处理第9823个图像:
开始处理第9824个图像:
开始处理第9825个图像:
开始处理第9826个图像:
开始处理第9827个图像:
开始处理第9828个图像:
开始处理第9829个图像:
开始处理第9830个图像:
开始处理第9831个图像:
开始处理第9832个图像:
开始处理第9833个图像:
开始处理第9834个图像:
开始处理第9835个图像:
开始处理第9836个图像:
开始处理第9837个图像:
开始处理第9838个图像:
开始处理第9839个图像:
开始处理第9840个图像:
开始处理第9841个图像:
开始处理第9842个图像:
开始处理第9843个图像:
开始处理第9844个图像:
开始处理第9845个图像:
开始处理第9846个图像:
开始处理第9847个图像:
开始处理第9848个图像:
开始处理第9849个图像:
开始处理第9850个图像:
开始处理第9851个图像:
开始处理第9852个图像:
开始处理第9853个图像:
开始处理第9854个图像:
开始处理第9855个图像:
开始处理第9856个图像:
开始处理第9857个图像:
开始处理第9858个图像:
开始处理第9859个图像:
开始处理第9860个图像:
开始处理第9861个图像:
开始处理第9862个图像:
开始处理第9863个图像:
开始处理第9864个图像:
开始处理第9865个图像:
开始处理第9866个图像:
开始处理第9867个图像:
开始处理第9868个图像:
开始处理第9869个图像:
开始处理第9870个图像:
开始处理第9871个图像:
开始处理第9872个图像:
开始处理第9873个图像:
开始处理第9874个图像:
开始处理第9875个图像:
开始处理第9876个图像:
开始处理第9877个图像:
开始处理第9878个图像:
开始处理第9879个图像:
开始处理第9880个图像:
开始处理第9881个图像:
开始处理第9882个图像:
开始处理第9883个图像:
开始处理第9884个图像:
开始处理第9885个图像:
开始处理第9886个图像:
开始处理第9887个图像:
开始处理第9888个图像:
开始处理第9889个图像:
开始处理第9890个图像:
开始处理第9891个图像:
开始处理第9892个图像:
开始处理第9893个图像:
开始处理第9894个图像:
开始处理第9895个图像:
开始处理第9896个图像:
开始处理第9897个图像:
开始处理第9898个图像:
开始处理第9899个图像:
开始处理第9900个图像:
开始处理第9901个图像:
开始处理第9902个图像:
开始处理第9903个图像:
开始处理第9904个图像:
开始处理第9905个图像:
开始处理第9906个图像:
开始处理第9907个图像:
开始处理第9908个图像:
开始处理第9909个图像:
开始处理第9910个图像:
开始处理第9911个图像:
开始处理第9912个图像:
开始处理第9913个图像:
开始处理第9914个图像:
开始处理第9915个图像:
开始处理第9916个图像:
开始处理第9917个图像:
开始处理第9918个图像:
开始处理第9919个图像:
开始处理第9920个图像:
开始处理第9921个图像:
开始处理第9922个图像:
开始处理第9923个图像:
开始处理第9924个图像:
开始处理第9925个图像:
开始处理第9926个图像:
开始处理第9927个图像:
开始处理第9928个图像:
开始处理第9929个图像:
开始处理第9930个图像:
开始处理第9931个图像:
开始处理第9932个图像:
开始处理第9933个图像:
开始处理第9934个图像:
开始处理第9935个图像:
开始处理第9936个图像:
开始处理第9937个图像:
开始处理第9938个图像:
开始处理第9939个图像:
开始处理第9940个图像:
开始处理第9941个图像:
开始处理第9942个图像:
开始处理第9943个图像:
开始处理第9944个图像:
开始处理第9945个图像:
开始处理第9946个图像:
开始处理第9947个图像:
开始处理第9948个图像:
开始处理第9949个图像:
开始处理第9950个图像:
开始处理第9951个图像:
开始处理第9952个图像:
开始处理第9953个图像:
开始处理第9954个图像:
开始处理第9955个图像:
开始处理第9956个图像:
开始处理第9957个图像:
开始处理第9958个图像:
开始处理第9959个图像:
开始处理第9960个图像:
开始处理第9961个图像:
开始处理第9962个图像:
开始处理第9963个图像:
开始处理第9964个图像:
开始处理第9965个图像:
开始处理第9966个图像:
开始处理第9967个图像:
开始处理第9968个图像:
开始处理第9969个图像:
开始处理第9970个图像:
开始处理第9971个图像:
开始处理第9972个图像:
开始处理第9973个图像:
开始处理第9974个图像:
开始处理第9975个图像:
开始处理第9976个图像:
开始处理第9977个图像:
开始处理第9978个图像:
开始处理第9979个图像:
开始处理第9980个图像:
开始处理第9981个图像:
开始处理第9982个图像:
开始处理第9983个图像:
开始处理第9984个图像:
开始处理第9985个图像:
开始处理第9986个图像:
开始处理第9987个图像:
开始处理第9988个图像:
开始处理第9989个图像:
开始处理第9990个图像:
开始处理第9991个图像:
开始处理第9992个图像:
开始处理第9993个图像:
开始处理第9994个图像:
开始处理第9995个图像:
开始处理第9996个图像:
开始处理第9997个图像:
开始处理第9998个图像:
开始处理第9999个图像:
